2025-08-11 10:36:48 [INFO]: GET /api/missions/getAllMissionsDashboard/ - ::1
2025-08-11 10:36:48 [WARN]: Route non trouvée: GET /api/missions/getAllMissionsDashboard/ - ::1
2025-08-11 10:36:50 [INFO]: GET /api/missions/getAllMissionsDashboard/Alexandre.Poinot@fr.gt.com - ::1
2025-08-11 10:36:50 [INFO]: Controller: Requête GET /getAllMissionsDashboard/Alexandre.Poinot@fr.gt.com
2025-08-11 10:36:50 [INFO]: Service: Récupération de toutes les missions pour le tableau de bord de l'utilisateur Alexandre.Poinot@fr.gt.com
2025-08-11 10:36:50 [INFO]: 3 utilisateurs récupérés
2025-08-11 10:36:50 [INFO]: 3 missions récupérées
2025-08-11 10:36:52 [INFO]: Pool de connexions SQL Server créé avec succès
2025-08-11 10:36:52 [INFO]: Connexion à la base de données établie
2025-08-11 10:36:52 [INFO]: Serveur démarré sur le port 3000
2025-08-11 10:36:52 [INFO]: Environment: development
2025-08-11 10:36:52 [INFO]: Health check: http://localhost:3000/health
2025-08-11 10:36:52 [INFO]: GET /api/missions/getAllMissionsDashboard/ - ::ffff:127.0.0.1
2025-08-11 10:36:52 [WARN]: Route non trouvée: GET /api/missions/getAllMissionsDashboard/ - ::ffff:127.0.0.1
2025-08-11 10:36:52 [INFO]: GET /api/missions/getAllMissionsDashboard/Alexandre.Poinot@fr.gt.com - ::ffff:127.0.0.1
2025-08-11 10:36:52 [INFO]: Controller: Requête GET /getAllMissionsDashboard/Alexandre.Poinot@fr.gt.com
2025-08-11 10:36:52 [INFO]: Service: Récupération de toutes les missions pour le tableau de bord de l'utilisateur Alexandre.Poinot@fr.gt.com
2025-08-11 10:36:54 [INFO]: Pool de connexions SQL Server créé avec succès
2025-08-11 10:36:54 [INFO]: Connexion à la base de données établie
2025-08-11 10:36:54 [INFO]: Serveur démarré sur le port 3000
2025-08-11 10:36:54 [INFO]: Environment: development
2025-08-11 10:36:54 [INFO]: Health check: http://localhost:3000/health
2025-08-11 10:36:54 [INFO]: GET /api/missions/getAllMissionsDashboard/Alexandre.Poinot@fr.gt.com - ::ffff:127.0.0.1
2025-08-11 10:36:54 [INFO]: Controller: Requête GET /getAllMissionsDashboard/Alexandre.Poinot@fr.gt.com
2025-08-11 10:36:54 [INFO]: Service: Récupération de toutes les missions pour le tableau de bord de l'utilisateur Alexandre.Poinot@fr.gt.com
2025-08-11 10:36:54 [INFO]: 3 utilisateurs récupérés
2025-08-11 10:36:54 [INFO]: 3 missions récupérées
2025-08-11 10:36:54 [INFO]: GET /api/missions/getAllMissionsDashboard/ - ::ffff:127.0.0.1
2025-08-11 10:36:54 [WARN]: Route non trouvée: GET /api/missions/getAllMissionsDashboard/ - ::ffff:127.0.0.1
2025-08-11 10:37:07 [INFO]: GET /api/missions/getAllMissionsDashboard/ - ::ffff:127.0.0.1
2025-08-11 10:37:07 [WARN]: Route non trouvée: GET /api/missions/getAllMissionsDashboard/ - ::ffff:127.0.0.1
2025-08-11 10:37:07 [INFO]: GET /api/missions/getAllMissionsDashboard/Alexandre.Poinot@fr.gt.com - ::ffff:127.0.0.1
2025-08-11 10:37:07 [INFO]: Controller: Requête GET /getAllMissionsDashboard/Alexandre.Poinot@fr.gt.com
2025-08-11 10:37:07 [INFO]: Service: Récupération de toutes les missions pour le tableau de bord de l'utilisateur Alexandre.Poinot@fr.gt.com
2025-08-11 10:37:07 [INFO]: 3 utilisateurs récupérés
2025-08-11 10:37:07 [INFO]: 3 missions récupérées
2025-08-11 10:37:15 [INFO]: GET /api/missions/getAllMissionsDashboard/ - ::1
2025-08-11 10:37:15 [WARN]: Route non trouvée: GET /api/missions/getAllMissionsDashboard/ - ::1
2025-08-11 10:37:15 [INFO]: GET /api/missions/getAllMissionsDashboard/Alexandre.Poinot@fr.gt.com - ::1
2025-08-11 10:37:15 [INFO]: Controller: Requête GET /getAllMissionsDashboard/Alexandre.Poinot@fr.gt.com
2025-08-11 10:37:15 [INFO]: Service: Récupération de toutes les missions pour le tableau de bord de l'utilisateur Alexandre.Poinot@fr.gt.com
2025-08-11 10:37:16 [INFO]: 3 utilisateurs récupérés
2025-08-11 10:37:16 [INFO]: 3 missions récupérées
2025-08-11 10:37:18 [INFO]: GET /api/missions/getAllMissionsDashboard/ - ::1
2025-08-11 10:37:18 [WARN]: Route non trouvée: GET /api/missions/getAllMissionsDashboard/ - ::1
2025-08-11 10:37:18 [INFO]: GET /api/missions/getAllMissionsDashboard/Alexandre.Poinot@fr.gt.com - ::1
2025-08-11 10:37:18 [INFO]: Controller: Requête GET /getAllMissionsDashboard/Alexandre.Poinot@fr.gt.com
2025-08-11 10:37:18 [INFO]: Service: Récupération de toutes les missions pour le tableau de bord de l'utilisateur Alexandre.Poinot@fr.gt.com
2025-08-11 10:37:18 [INFO]: 3 utilisateurs récupérés
2025-08-11 10:37:18 [INFO]: 3 missions récupérées
2025-08-11 14:28:38 [ERROR]: Erreur lors de la connexion à SQL Server: Failed to connect to localhost:1433 - Could not connect (sequence)
ConnectionError: Failed to connect to localhost:1433 - Could not connect (sequence)
    at eval (/home/project/MYJOURNEY-BACKEND/node_modules/mssql/lib/tedious/connection-pool.js:85:17)
    at Connection.onConnect (/home/project/MYJOURNEY-BACKEND/node_modules/tedious/lib/connection.js:849:9)
    at Object.onceWrapper (node:events:30:8276)
    at Connection.emit (node:events:30:11034)
    at Connection.emit (/home/project/MYJOURNEY-BACKEND/node_modules/tedious/lib/connection.js:970:18)
    at Connection.socketError (/home/project/MYJOURNEY-BACKEND/node_modules/tedious/lib/connection.js:1353:12)
    at eval (/home/project/MYJOURNEY-BACKEND/node_modules/tedious/lib/connection.js:1146:14)
    at processTicksAndRejections (node:internal/process/task_queues:196:998)
    at <anonymous> (https://zp1v56uxy8rdx5ypatb0ockcb9tr6a-oci3.w-credentialless-staticblitz.com/blitz.96435430.js:31:295437)
