2025-08-08 10:11:02 [INFO]: GET /api/missions/getAllMissionsDashboard - ::1
2025-08-08 10:11:02 [INFO]: Controller: Requête GET /getAllMissionsDashboard
2025-08-08 10:11:02 [INFO]: Service: Récupération de toutes les missions pour le tableau de bord
2025-08-08 10:11:03 [INFO]: 174 missions récupérées
2025-08-08 10:11:39 [INFO]: GET /api/missions/getAllMissionsDashboard - ::1
2025-08-08 10:11:39 [INFO]: Controller: Requête GET /getAllMissionsDashboard
2025-08-08 10:11:39 [INFO]: Service: Récupération de toutes les missions pour le tableau de bord
2025-08-08 10:11:39 [INFO]: 174 missions récupérées
2025-08-08 10:13:28 [INFO]: GET /api/missions/getAllMissionsDashboard - ::1
2025-08-08 10:13:28 [INFO]: Controller: Requête GET /getAllMissionsDashboard
2025-08-08 10:13:28 [INFO]: Service: Récupération de toutes les missions pour le tableau de bord
2025-08-08 10:13:28 [INFO]: 174 missions récupérées
2025-08-08 13:41:15 [INFO]: Pool de connexions SQL Server créé avec succès
2025-08-08 13:41:15 [INFO]: Connexion à la base de données établie
2025-08-08 13:41:15 [INFO]: Serveur démarré sur le port 3000
2025-08-08 13:41:15 [INFO]: Environment: development
2025-08-08 13:41:15 [INFO]: Health check: http://localhost:3000/health
2025-08-08 13:41:16 [INFO]: Pool de connexions SQL Server créé avec succès
2025-08-08 13:41:16 [INFO]: Connexion à la base de données établie
2025-08-08 13:41:16 [INFO]: Serveur démarré sur le port 3000
2025-08-08 13:41:16 [INFO]: Environment: development
2025-08-08 13:41:16 [INFO]: Health check: http://localhost:3000/health
2025-08-08 13:42:25 [INFO]: Pool de connexions SQL Server créé avec succès
2025-08-08 13:42:25 [INFO]: Connexion à la base de données établie
2025-08-08 13:42:25 [INFO]: Serveur démarré sur le port 3000
2025-08-08 13:42:25 [INFO]: Environment: development
2025-08-08 13:42:25 [INFO]: Health check: http://localhost:3000/health
2025-08-08 13:42:33 [INFO]: Pool de connexions SQL Server créé avec succès
2025-08-08 13:42:33 [INFO]: Connexion à la base de données établie
2025-08-08 13:42:33 [INFO]: Serveur démarré sur le port 3000
2025-08-08 13:42:33 [INFO]: Environment: development
2025-08-08 13:42:33 [INFO]: Health check: http://localhost:3000/health
2025-08-08 13:44:02 [INFO]: Pool de connexions SQL Server créé avec succès
2025-08-08 13:44:02 [INFO]: Connexion à la base de données établie
2025-08-08 13:44:02 [INFO]: Serveur démarré sur le port 3000
2025-08-08 13:44:02 [INFO]: Environment: development
2025-08-08 13:44:02 [INFO]: Health check: http://localhost:3000/health
2025-08-08 13:44:48 [INFO]: GET /api/missions/getAllMissionsDashboard - ::1
2025-08-08 13:44:48 [INFO]: Controller: Requête GET /getAllMissionsDashboard
2025-08-08 13:44:48 [INFO]: Service: Récupération de toutes les missions pour le tableau de bord
2025-08-08 13:44:48 [ERROR]: Erreur lors de la récupération des missions pour le tableau de bord: Cannot read properties of undefined (reading 'forEach')
TypeError: Cannot read properties of undefined (reading 'forEach')
    at MissionDao.getAllMissionsDashboard (file:///C:/Users/alexandre.poinot/OneDrive%20-%20Grant%20Thornton%20France/Bureau/api-nodejs/src/dao/missionDao.js:41:24)
    at process.processTicksAndRejections (node:internal/process/task_queues:105:5)
    at async MissionService.getAllMissionsDashboard (file:///C:/Users/alexandre.poinot/OneDrive%20-%20Grant%20Thornton%20France/Bureau/api-nodejs/src/services/missionService.js:12:24)
    at async file:///C:/Users/alexandre.poinot/OneDrive%20-%20Grant%20Thornton%20France/Bureau/api-nodejs/src/controllers/missionController.js:13:20
2025-08-08 13:44:48 [ERROR]: Service: Erreur lors de la récupération des missions pour le tableau de bord: Erreur lors de la récupération des missions pour le tableau de bord
Error: Erreur lors de la récupération des missions pour le tableau de bord
    at MissionDao.getAllMissionsDashboard (file:///C:/Users/alexandre.poinot/OneDrive%20-%20Grant%20Thornton%20France/Bureau/api-nodejs/src/dao/missionDao.js:63:13)
    at process.processTicksAndRejections (node:internal/process/task_queues:105:5)
    at async MissionService.getAllMissionsDashboard (file:///C:/Users/alexandre.poinot/OneDrive%20-%20Grant%20Thornton%20France/Bureau/api-nodejs/src/services/missionService.js:12:24)
    at async file:///C:/Users/alexandre.poinot/OneDrive%20-%20Grant%20Thornton%20France/Bureau/api-nodejs/src/controllers/missionController.js:13:20
2025-08-08 13:44:48 [ERROR]: Erreur: Erreur lors de la récupération des missions pour le tableau de bord
2025-08-08 13:44:52 [INFO]: GET /api/missions/getAllMissionsDashboard - ::1
2025-08-08 13:44:52 [INFO]: Controller: Requête GET /getAllMissionsDashboard
2025-08-08 13:44:52 [INFO]: Service: Récupération de toutes les missions pour le tableau de bord
2025-08-08 13:44:52 [ERROR]: Erreur lors de la récupération des missions pour le tableau de bord: Cannot read properties of undefined (reading 'forEach')
TypeError: Cannot read properties of undefined (reading 'forEach')
    at MissionDao.getAllMissionsDashboard (file:///C:/Users/alexandre.poinot/OneDrive%20-%20Grant%20Thornton%20France/Bureau/api-nodejs/src/dao/missionDao.js:41:24)
    at process.processTicksAndRejections (node:internal/process/task_queues:105:5)
    at async MissionService.getAllMissionsDashboard (file:///C:/Users/alexandre.poinot/OneDrive%20-%20Grant%20Thornton%20France/Bureau/api-nodejs/src/services/missionService.js:12:24)
    at async file:///C:/Users/alexandre.poinot/OneDrive%20-%20Grant%20Thornton%20France/Bureau/api-nodejs/src/controllers/missionController.js:13:20
2025-08-08 13:44:52 [ERROR]: Service: Erreur lors de la récupération des missions pour le tableau de bord: Erreur lors de la récupération des missions pour le tableau de bord
Error: Erreur lors de la récupération des missions pour le tableau de bord
    at MissionDao.getAllMissionsDashboard (file:///C:/Users/alexandre.poinot/OneDrive%20-%20Grant%20Thornton%20France/Bureau/api-nodejs/src/dao/missionDao.js:63:13)
    at process.processTicksAndRejections (node:internal/process/task_queues:105:5)
    at async MissionService.getAllMissionsDashboard (file:///C:/Users/alexandre.poinot/OneDrive%20-%20Grant%20Thornton%20France/Bureau/api-nodejs/src/services/missionService.js:12:24)
    at async file:///C:/Users/alexandre.poinot/OneDrive%20-%20Grant%20Thornton%20France/Bureau/api-nodejs/src/controllers/missionController.js:13:20
2025-08-08 13:44:52 [ERROR]: Erreur: Erreur lors de la récupération des missions pour le tableau de bord
2025-08-08 13:44:54 [INFO]: GET /api/missions/getAllMissionsDashboard - ::1
2025-08-08 13:44:54 [INFO]: Controller: Requête GET /getAllMissionsDashboard
2025-08-08 13:44:54 [INFO]: Service: Récupération de toutes les missions pour le tableau de bord
2025-08-08 13:44:54 [ERROR]: Erreur lors de la récupération des missions pour le tableau de bord: Cannot read properties of undefined (reading 'forEach')
TypeError: Cannot read properties of undefined (reading 'forEach')
    at MissionDao.getAllMissionsDashboard (file:///C:/Users/alexandre.poinot/OneDrive%20-%20Grant%20Thornton%20France/Bureau/api-nodejs/src/dao/missionDao.js:41:24)
    at process.processTicksAndRejections (node:internal/process/task_queues:105:5)
    at async MissionService.getAllMissionsDashboard (file:///C:/Users/alexandre.poinot/OneDrive%20-%20Grant%20Thornton%20France/Bureau/api-nodejs/src/services/missionService.js:12:24)
    at async file:///C:/Users/alexandre.poinot/OneDrive%20-%20Grant%20Thornton%20France/Bureau/api-nodejs/src/controllers/missionController.js:13:20
2025-08-08 13:44:54 [ERROR]: Service: Erreur lors de la récupération des missions pour le tableau de bord: Erreur lors de la récupération des missions pour le tableau de bord
Error: Erreur lors de la récupération des missions pour le tableau de bord
    at MissionDao.getAllMissionsDashboard (file:///C:/Users/alexandre.poinot/OneDrive%20-%20Grant%20Thornton%20France/Bureau/api-nodejs/src/dao/missionDao.js:63:13)
    at process.processTicksAndRejections (node:internal/process/task_queues:105:5)
    at async MissionService.getAllMissionsDashboard (file:///C:/Users/alexandre.poinot/OneDrive%20-%20Grant%20Thornton%20France/Bureau/api-nodejs/src/services/missionService.js:12:24)
    at async file:///C:/Users/alexandre.poinot/OneDrive%20-%20Grant%20Thornton%20France/Bureau/api-nodejs/src/controllers/missionController.js:13:20
2025-08-08 13:44:54 [ERROR]: Erreur: Erreur lors de la récupération des missions pour le tableau de bord
2025-08-08 13:45:29 [INFO]: Pool de connexions SQL Server créé avec succès
2025-08-08 13:45:29 [INFO]: Connexion à la base de données établie
2025-08-08 13:45:29 [INFO]: Serveur démarré sur le port 3000
2025-08-08 13:45:29 [INFO]: Environment: development
2025-08-08 13:45:29 [INFO]: Health check: http://localhost:3000/health
2025-08-08 13:46:33 [INFO]: GET /api/missions/getAllMissionsDashboard - ::1
2025-08-08 13:46:33 [INFO]: Controller: Requête GET /getAllMissionsDashboard
2025-08-08 13:46:33 [INFO]: Service: Récupération de toutes les missions pour le tableau de bord
2025-08-08 13:46:34 [ERROR]: Erreur lors de la récupération des missions pour le tableau de bord: Cannot read properties of undefined (reading 'forEach')
TypeError: Cannot read properties of undefined (reading 'forEach')
    at MissionDao.getAllMissionsDashboard (file:///C:/Users/alexandre.poinot/OneDrive%20-%20Grant%20Thornton%20France/Bureau/api-nodejs/src/dao/missionDao.js:41:24)
    at process.processTicksAndRejections (node:internal/process/task_queues:105:5)
    at async MissionService.getAllMissionsDashboard (file:///C:/Users/alexandre.poinot/OneDrive%20-%20Grant%20Thornton%20France/Bureau/api-nodejs/src/services/missionService.js:12:24)
    at async file:///C:/Users/alexandre.poinot/OneDrive%20-%20Grant%20Thornton%20France/Bureau/api-nodejs/src/controllers/missionController.js:13:20
2025-08-08 13:46:34 [ERROR]: Service: Erreur lors de la récupération des missions pour le tableau de bord: Erreur lors de la récupération des missions pour le tableau de bord
Error: Erreur lors de la récupération des missions pour le tableau de bord
    at MissionDao.getAllMissionsDashboard (file:///C:/Users/alexandre.poinot/OneDrive%20-%20Grant%20Thornton%20France/Bureau/api-nodejs/src/dao/missionDao.js:63:13)
    at process.processTicksAndRejections (node:internal/process/task_queues:105:5)
    at async MissionService.getAllMissionsDashboard (file:///C:/Users/alexandre.poinot/OneDrive%20-%20Grant%20Thornton%20France/Bureau/api-nodejs/src/services/missionService.js:12:24)
    at async file:///C:/Users/alexandre.poinot/OneDrive%20-%20Grant%20Thornton%20France/Bureau/api-nodejs/src/controllers/missionController.js:13:20
2025-08-08 13:46:34 [ERROR]: Erreur: Erreur lors de la récupération des missions pour le tableau de bord
2025-08-08 13:48:28 [INFO]: Pool de connexions SQL Server créé avec succès
2025-08-08 13:48:28 [INFO]: Connexion à la base de données établie
2025-08-08 13:48:28 [INFO]: Serveur démarré sur le port 3000
2025-08-08 13:48:28 [INFO]: Environment: development
2025-08-08 13:48:28 [INFO]: Health check: http://localhost:3000/health
2025-08-08 13:48:29 [INFO]: Pool de connexions SQL Server créé avec succès
2025-08-08 13:48:29 [INFO]: Connexion à la base de données établie
2025-08-08 13:48:29 [INFO]: Serveur démarré sur le port 3000
2025-08-08 13:48:29 [INFO]: Environment: development
2025-08-08 13:48:29 [INFO]: Health check: http://localhost:3000/health
2025-08-08 13:48:38 [INFO]: Pool de connexions SQL Server créé avec succès
2025-08-08 13:48:38 [INFO]: Connexion à la base de données établie
2025-08-08 13:48:38 [INFO]: Serveur démarré sur le port 3000
2025-08-08 13:48:38 [INFO]: Environment: development
2025-08-08 13:48:38 [INFO]: Health check: http://localhost:3000/health
2025-08-08 13:48:39 [INFO]: Pool de connexions SQL Server créé avec succès
2025-08-08 13:48:39 [INFO]: Connexion à la base de données établie
2025-08-08 13:48:39 [INFO]: Serveur démarré sur le port 3000
2025-08-08 13:48:39 [INFO]: Environment: development
2025-08-08 13:48:39 [INFO]: Health check: http://localhost:3000/health
2025-08-08 13:48:51 [INFO]: GET /api/missions/getAllMissionsDashboard - ::1
2025-08-08 13:48:51 [INFO]: Controller: Requête GET /getAllMissionsDashboard
2025-08-08 13:48:51 [INFO]: Service: Récupération de toutes les missions pour le tableau de bord
2025-08-08 13:48:51 [INFO]: 174 utilisateurs récupérés
2025-08-08 13:48:51 [INFO]: 174 missions récupérées
2025-08-08 13:48:53 [INFO]: Pool de connexions SQL Server créé avec succès
2025-08-08 13:48:53 [INFO]: Connexion à la base de données établie
2025-08-08 13:48:53 [INFO]: Serveur démarré sur le port 3000
2025-08-08 13:48:53 [INFO]: Environment: development
2025-08-08 13:48:53 [INFO]: Health check: http://localhost:3000/health
2025-08-08 14:59:49 [INFO]: GET /api/missions/getAllMissionsDashboard - ::1
2025-08-08 14:59:49 [INFO]: Controller: Requête GET /getAllMissionsDashboard
2025-08-08 14:59:49 [INFO]: Service: Récupération de toutes les missions pour le tableau de bord
2025-08-08 14:59:50 [INFO]: 174 utilisateurs récupérés
2025-08-08 14:59:50 [INFO]: 174 missions récupérées
2025-08-08 14:59:50 [INFO]: GET /api/missions/getAllMissionsDashboard - ::1
2025-08-08 14:59:50 [INFO]: Controller: Requête GET /getAllMissionsDashboard
2025-08-08 14:59:50 [INFO]: Service: Récupération de toutes les missions pour le tableau de bord
2025-08-08 14:59:50 [INFO]: 174 utilisateurs récupérés
2025-08-08 14:59:50 [INFO]: 174 missions récupérées
2025-08-08 15:00:01 [INFO]: Pool de connexions SQL Server créé avec succès
2025-08-08 15:00:01 [INFO]: Connexion à la base de données établie
2025-08-08 15:00:01 [INFO]: Serveur démarré sur le port 3000
2025-08-08 15:00:01 [INFO]: Environment: development
2025-08-08 15:00:01 [INFO]: Health check: http://localhost:3000/health
2025-08-08 15:00:03 [INFO]: GET /api/missions/getAllMissionsDashboard - ::1
2025-08-08 15:00:03 [INFO]: Controller: Requête GET /getAllMissionsDashboard
2025-08-08 15:00:03 [INFO]: Service: Récupération de toutes les missions pour le tableau de bord
2025-08-08 15:00:04 [INFO]: 174 utilisateurs récupérés
2025-08-08 15:00:04 [INFO]: 174 missions récupérées
2025-08-08 15:05:45 [INFO]: GET /api/missions/getAllMissionsDashboard - ::1
2025-08-08 15:05:45 [INFO]: Controller: Requête GET /getAllMissionsDashboard
2025-08-08 15:05:45 [INFO]: Service: Récupération de toutes les missions pour le tableau de bord
2025-08-08 15:05:45 [INFO]: 174 utilisateurs récupérés
2025-08-08 15:05:45 [INFO]: 174 missions récupérées
2025-08-08 15:06:10 [INFO]: GET /api/missions/getAllMissionsDashboard - ::1
2025-08-08 15:06:10 [INFO]: Controller: Requête GET /getAllMissionsDashboard
2025-08-08 15:06:10 [INFO]: Service: Récupération de toutes les missions pour le tableau de bord
2025-08-08 15:06:10 [INFO]: 174 utilisateurs récupérés
2025-08-08 15:06:10 [INFO]: 174 missions récupérées
2025-08-08 15:07:44 [INFO]: GET /api/missions/getAllMissionsDashboard - ::1
2025-08-08 15:07:44 [INFO]: Controller: Requête GET /getAllMissionsDashboard
2025-08-08 15:07:44 [INFO]: Service: Récupération de toutes les missions pour le tableau de bord
2025-08-08 15:07:46 [INFO]: 174 utilisateurs récupérés
2025-08-08 15:07:46 [INFO]: 174 missions récupérées
2025-08-08 15:07:46 [INFO]: GET /api/missions/getAllMissionsDashboard - ::1
2025-08-08 15:07:46 [INFO]: Controller: Requête GET /getAllMissionsDashboard
2025-08-08 15:07:46 [INFO]: Service: Récupération de toutes les missions pour le tableau de bord
2025-08-08 15:07:46 [INFO]: 174 utilisateurs récupérés
2025-08-08 15:07:46 [INFO]: 174 missions récupérées
2025-08-08 15:08:10 [INFO]: GET /api/missions/getAllMissionsDashboard/ - ::1
2025-08-08 15:08:10 [INFO]: Controller: Requête GET /getAllMissionsDashboard
2025-08-08 15:08:10 [INFO]: Service: Récupération de toutes les missions pour le tableau de bord
2025-08-08 15:08:10 [INFO]: GET /api/missions/getAllMissionsDashboard/Alexandre.Poinot@fr.gt.com - ::1
2025-08-08 15:08:10 [WARN]: Route non trouvée: GET /api/missions/getAllMissionsDashboard/Alexandre.Poinot@fr.gt.com - ::1
2025-08-08 15:08:10 [INFO]: 174 utilisateurs récupérés
2025-08-08 15:08:10 [INFO]: 174 missions récupérées
2025-08-08 15:09:17 [INFO]: Pool de connexions SQL Server créé avec succès
2025-08-08 15:09:17 [INFO]: Connexion à la base de données établie
2025-08-08 15:09:17 [INFO]: Serveur démarré sur le port 3000
2025-08-08 15:09:17 [INFO]: Environment: development
2025-08-08 15:09:17 [INFO]: Health check: http://localhost:3000/health
2025-08-08 15:09:26 [INFO]: Pool de connexions SQL Server créé avec succès
2025-08-08 15:09:26 [INFO]: Connexion à la base de données établie
2025-08-08 15:09:26 [INFO]: Serveur démarré sur le port 3000
2025-08-08 15:09:26 [INFO]: Environment: development
2025-08-08 15:09:26 [INFO]: Health check: http://localhost:3000/health
2025-08-08 15:10:24 [INFO]: Pool de connexions SQL Server créé avec succès
2025-08-08 15:10:24 [INFO]: Connexion à la base de données établie
2025-08-08 15:10:24 [INFO]: Serveur démarré sur le port 3000
2025-08-08 15:10:24 [INFO]: Environment: development
2025-08-08 15:10:24 [INFO]: Health check: http://localhost:3000/health
2025-08-08 15:10:25 [INFO]: Pool de connexions SQL Server créé avec succès
2025-08-08 15:10:25 [INFO]: Connexion à la base de données établie
2025-08-08 15:10:25 [INFO]: Serveur démarré sur le port 3000
2025-08-08 15:10:25 [INFO]: Environment: development
2025-08-08 15:10:25 [INFO]: Health check: http://localhost:3000/health
2025-08-08 15:10:47 [INFO]: Pool de connexions SQL Server créé avec succès
2025-08-08 15:10:47 [INFO]: Connexion à la base de données établie
2025-08-08 15:10:47 [INFO]: Serveur démarré sur le port 3000
2025-08-08 15:10:47 [INFO]: Environment: development
2025-08-08 15:10:47 [INFO]: Health check: http://localhost:3000/health
2025-08-08 15:11:37 [INFO]: Pool de connexions SQL Server créé avec succès
2025-08-08 15:11:37 [INFO]: Connexion à la base de données établie
2025-08-08 15:11:37 [INFO]: Serveur démarré sur le port 3000
2025-08-08 15:11:37 [INFO]: Environment: development
2025-08-08 15:11:37 [INFO]: Health check: http://localhost:3000/health
2025-08-08 15:12:24 [INFO]: Pool de connexions SQL Server créé avec succès
2025-08-08 15:12:24 [INFO]: Connexion à la base de données établie
2025-08-08 15:12:24 [INFO]: Serveur démarré sur le port 3000
2025-08-08 15:12:24 [INFO]: Environment: development
2025-08-08 15:12:24 [INFO]: Health check: http://localhost:3000/health
2025-08-08 15:15:54 [INFO]: Pool de connexions SQL Server créé avec succès
2025-08-08 15:15:54 [INFO]: Connexion à la base de données établie
2025-08-08 15:15:54 [INFO]: Serveur démarré sur le port 3000
2025-08-08 15:15:54 [INFO]: Environment: development
2025-08-08 15:15:54 [INFO]: Health check: http://localhost:3000/health
2025-08-08 15:16:05 [INFO]: GET /api/missions/getAllMissionsDashboard/ - ::1
2025-08-08 15:16:05 [WARN]: Route non trouvée: GET /api/missions/getAllMissionsDashboard/ - ::1
2025-08-08 15:16:05 [INFO]: GET /api/missions/getAllMissionsDashboard/Alexandre.Poinot@fr.gt.com - ::1
2025-08-08 15:16:05 [INFO]: Controller: Requête GET /getAllMissionsDashboard/Alexandre.Poinot@fr.gt.com
2025-08-08 15:16:05 [INFO]: Service: Récupération de toutes les missions pour le tableau de bord de l'utilisateur Alexandre.Poinot@fr.gt.com
2025-08-08 15:16:05 [INFO]: 3 utilisateurs récupérés
2025-08-08 15:16:05 [INFO]: 3 missions récupérées
2025-08-08 16:33:22 [INFO]: Pool de connexions SQL Server créé avec succès
2025-08-08 16:33:22 [INFO]: Connexion à la base de données établie
2025-08-08 16:33:22 [INFO]: Serveur démarré sur le port 3000
2025-08-08 16:33:22 [INFO]: Environment: development
2025-08-08 16:33:22 [INFO]: Health check: http://localhost:3000/health
2025-08-08 16:57:04 [INFO]: GET /api/missions/getAllMissionsDashboard/ - ::1
2025-08-08 16:57:04 [WARN]: Route non trouvée: GET /api/missions/getAllMissionsDashboard/ - ::1
2025-08-08 16:57:04 [INFO]: GET /api/missions/getAllMissionsDashboard/Alexandre.Poinot@fr.gt.com - ::1
2025-08-08 16:57:04 [INFO]: Controller: Requête GET /getAllMissionsDashboard/Alexandre.Poinot@fr.gt.com
2025-08-08 16:57:04 [INFO]: Service: Récupération de toutes les missions pour le tableau de bord de l'utilisateur Alexandre.Poinot@fr.gt.com
2025-08-08 16:57:04 [INFO]: 3 utilisateurs récupérés
2025-08-08 16:57:04 [INFO]: 3 missions récupérées
2025-08-08 16:57:08 [INFO]: Pool de connexions SQL Server créé avec succès
2025-08-08 16:57:08 [INFO]: Connexion à la base de données établie
2025-08-08 16:57:08 [INFO]: Serveur démarré sur le port 3000
2025-08-08 16:57:08 [INFO]: Environment: development
2025-08-08 16:57:08 [INFO]: Health check: http://localhost:3000/health
