2025-08-05 13:56:28 [ERROR]: Erreur lors de la connexion à SQL Server: Failed to connect to localhost:1433 - Could not connect (sequence)
ConnectionError: Failed to connect to localhost:1433 - Could not connect (sequence)
    at eval (/home/project/node_modules/mssql/lib/tedious/connection-pool.js:85:17)
    at Connection.onConnect (/home/project/node_modules/tedious/lib/connection.js:849:9)
    at Object.onceWrapper (node:events:30:8276)
    at Connection.emit (node:events:30:11034)
    at Connection.emit (/home/project/node_modules/tedious/lib/connection.js:970:18)
    at Connection.socketError (/home/project/node_modules/tedious/lib/connection.js:1353:12)
    at eval (/home/project/node_modules/tedious/lib/connection.js:1146:14)
    at processTicksAndRejections (node:internal/process/task_queues:196:998)
    at <anonymous> (https://zp1v56uxy8rdx5ypatb0ockcb9tr6a-oci3.w-credentialless-staticblitz.com/blitz.96435430.js:31:295437)
2025-08-05 14:05:29 [ERROR]: Erreur lors de la connexion à SQL Server: s.getAsyncId is not a function
ConnectionError: s.getAsyncId is not a function
    at eval (/home/project/node_modules/mssql/lib/tedious/connection-pool.js:85:17)
    at Connection.onConnect (/home/project/node_modules/tedious/lib/connection.js:849:9)
    at Object.onceWrapper (node:events:30:8276)
    at Connection.emit (node:events:30:11034)
    at Connection.emit (/home/project/node_modules/tedious/lib/connection.js:970:18)
    at eval (/home/project/node_modules/tedious/lib/connection.js:1006:16)
    at processTicksAndRejections (node:internal/process/task_queues:196:998)
    at _0x121e01 (https://zp1v56uxy8rdx5ypatb0ockcb9tr6a-oci3.w-credentialless-staticblitz.com/blitz.96435430.js:31:544999)
2025-08-05 14:08:33 [INFO]: Pool de connexions SQL Server créé avec succès
2025-08-05 14:08:33 [INFO]: Connexion à la base de données établie
2025-08-05 14:08:33 [INFO]: Serveur démarré sur le port 3000
2025-08-05 14:08:33 [INFO]: Environment: development
2025-08-05 14:08:33 [INFO]: Health check: http://localhost:3000/health
2025-08-05 14:11:12 [INFO]: GET /health - ::1
2025-08-05 14:11:12 [INFO]: GET /api/users - ::1
2025-08-05 14:11:12 [INFO]: Controller: Requête GET /users
2025-08-05 14:11:12 [INFO]: Service: Récupération de tous les utilisateurs
2025-08-05 14:11:13 [ERROR]: Erreur lors de la récupération des utilisateurs: Invalid object name 'Users'.
RequestError: Invalid object name 'Users'.
    at handleError (C:\Users\alexandre.poinot\OneDrive - Grant Thornton France\Bureau\api-nodejs\node_modules\mssql\lib\tedious\request.js:384:15)
    at Connection.emit (node:events:518:28)
    at Connection.emit (C:\Users\alexandre.poinot\OneDrive - Grant Thornton France\Bureau\api-nodejs\node_modules\tedious\lib\connection.js:970:18)
    at RequestTokenHandler.onErrorMessage (C:\Users\alexandre.poinot\OneDrive - Grant Thornton France\Bureau\api-nodejs\node_modules\tedious\lib\token\handler.js:284:21)
    at Readable.<anonymous> (C:\Users\alexandre.poinot\OneDrive - Grant Thornton France\Bureau\api-nodejs\node_modules\tedious\lib\token\token-stream-parser.js:19:33)
    at Readable.emit (node:events:518:28)
    at addChunk (node:internal/streams/readable:561:12)
    at readableAddChunkPushObjectMode (node:internal/streams/readable:538:3)
    at Readable.push (node:internal/streams/readable:393:5)
    at nextAsync (node:internal/streams/from:194:22)
2025-08-05 14:11:13 [ERROR]: Service: Erreur lors de la récupération des utilisateurs: Invalid object name 'Users'.
RequestError: Invalid object name 'Users'.
    at handleError (C:\Users\alexandre.poinot\OneDrive - Grant Thornton France\Bureau\api-nodejs\node_modules\mssql\lib\tedious\request.js:384:15)
    at Connection.emit (node:events:518:28)
    at Connection.emit (C:\Users\alexandre.poinot\OneDrive - Grant Thornton France\Bureau\api-nodejs\node_modules\tedious\lib\connection.js:970:18)
    at RequestTokenHandler.onErrorMessage (C:\Users\alexandre.poinot\OneDrive - Grant Thornton France\Bureau\api-nodejs\node_modules\tedious\lib\token\handler.js:284:21)
    at Readable.<anonymous> (C:\Users\alexandre.poinot\OneDrive - Grant Thornton France\Bureau\api-nodejs\node_modules\tedious\lib\token\token-stream-parser.js:19:33)
    at Readable.emit (node:events:518:28)
    at addChunk (node:internal/streams/readable:561:12)
    at readableAddChunkPushObjectMode (node:internal/streams/readable:538:3)
    at Readable.push (node:internal/streams/readable:393:5)
    at nextAsync (node:internal/streams/from:194:22)
2025-08-05 14:11:13 [ERROR]: Erreur: Erreur lors de la récupération des utilisateurs
2025-08-05 14:11:13 [INFO]: POST /api/users - ::1
2025-08-05 14:11:13 [INFO]: Controller: Requête POST /users
2025-08-05 14:11:13 [ERROR]: Erreur lors de la vérification de l'email jean.dupont@example.com: Invalid object name 'Users'.
RequestError: Invalid object name 'Users'.
    at handleError (C:\Users\alexandre.poinot\OneDrive - Grant Thornton France\Bureau\api-nodejs\node_modules\mssql\lib\tedious\request.js:384:15)
    at Connection.emit (node:events:518:28)
    at Connection.emit (C:\Users\alexandre.poinot\OneDrive - Grant Thornton France\Bureau\api-nodejs\node_modules\tedious\lib\connection.js:970:18)
    at RequestTokenHandler.onErrorMessage (C:\Users\alexandre.poinot\OneDrive - Grant Thornton France\Bureau\api-nodejs\node_modules\tedious\lib\token\handler.js:284:21)
    at Readable.<anonymous> (C:\Users\alexandre.poinot\OneDrive - Grant Thornton France\Bureau\api-nodejs\node_modules\tedious\lib\token\token-stream-parser.js:19:33)
    at Readable.emit (node:events:518:28)
    at addChunk (node:internal/streams/readable:561:12)
    at readableAddChunkPushObjectMode (node:internal/streams/readable:538:3)
    at Readable.push (node:internal/streams/readable:393:5)
    at nextAsync (node:internal/streams/from:194:22)
2025-08-05 14:11:13 [ERROR]: Service: Erreur lors de la création de l'utilisateur: Invalid object name 'Users'.
RequestError: Invalid object name 'Users'.
    at handleError (C:\Users\alexandre.poinot\OneDrive - Grant Thornton France\Bureau\api-nodejs\node_modules\mssql\lib\tedious\request.js:384:15)
    at Connection.emit (node:events:518:28)
    at Connection.emit (C:\Users\alexandre.poinot\OneDrive - Grant Thornton France\Bureau\api-nodejs\node_modules\tedious\lib\connection.js:970:18)
    at RequestTokenHandler.onErrorMessage (C:\Users\alexandre.poinot\OneDrive - Grant Thornton France\Bureau\api-nodejs\node_modules\tedious\lib\token\handler.js:284:21)
    at Readable.<anonymous> (C:\Users\alexandre.poinot\OneDrive - Grant Thornton France\Bureau\api-nodejs\node_modules\tedious\lib\token\token-stream-parser.js:19:33)
    at Readable.emit (node:events:518:28)
    at addChunk (node:internal/streams/readable:561:12)
    at readableAddChunkPushObjectMode (node:internal/streams/readable:538:3)
    at Readable.push (node:internal/streams/readable:393:5)
    at nextAsync (node:internal/streams/from:194:22)
2025-08-05 14:11:13 [ERROR]: Erreur: Erreur lors de la création de l'utilisateur
2025-08-05 14:11:13 [INFO]: POST /api/users - ::1
2025-08-05 14:11:13 [INFO]: Controller: Requête POST /users
2025-08-05 14:11:13 [ERROR]: Erreur lors de la vérification de l'email marie.martin@example.com: Invalid object name 'Users'.
RequestError: Invalid object name 'Users'.
    at handleError (C:\Users\alexandre.poinot\OneDrive - Grant Thornton France\Bureau\api-nodejs\node_modules\mssql\lib\tedious\request.js:384:15)
    at Connection.emit (node:events:518:28)
    at Connection.emit (C:\Users\alexandre.poinot\OneDrive - Grant Thornton France\Bureau\api-nodejs\node_modules\tedious\lib\connection.js:970:18)
    at RequestTokenHandler.onErrorMessage (C:\Users\alexandre.poinot\OneDrive - Grant Thornton France\Bureau\api-nodejs\node_modules\tedious\lib\token\handler.js:284:21)
    at Readable.<anonymous> (C:\Users\alexandre.poinot\OneDrive - Grant Thornton France\Bureau\api-nodejs\node_modules\tedious\lib\token\token-stream-parser.js:19:33)
    at Readable.emit (node:events:518:28)
    at addChunk (node:internal/streams/readable:561:12)
    at readableAddChunkPushObjectMode (node:internal/streams/readable:538:3)
    at Readable.push (node:internal/streams/readable:393:5)
    at nextAsync (node:internal/streams/from:194:22)
2025-08-05 14:11:13 [ERROR]: Service: Erreur lors de la création de l'utilisateur: Invalid object name 'Users'.
RequestError: Invalid object name 'Users'.
    at handleError (C:\Users\alexandre.poinot\OneDrive - Grant Thornton France\Bureau\api-nodejs\node_modules\mssql\lib\tedious\request.js:384:15)
    at Connection.emit (node:events:518:28)
    at Connection.emit (C:\Users\alexandre.poinot\OneDrive - Grant Thornton France\Bureau\api-nodejs\node_modules\tedious\lib\connection.js:970:18)
    at RequestTokenHandler.onErrorMessage (C:\Users\alexandre.poinot\OneDrive - Grant Thornton France\Bureau\api-nodejs\node_modules\tedious\lib\token\handler.js:284:21)
    at Readable.<anonymous> (C:\Users\alexandre.poinot\OneDrive - Grant Thornton France\Bureau\api-nodejs\node_modules\tedious\lib\token\token-stream-parser.js:19:33)
    at Readable.emit (node:events:518:28)
    at addChunk (node:internal/streams/readable:561:12)
    at readableAddChunkPushObjectMode (node:internal/streams/readable:538:3)
    at Readable.push (node:internal/streams/readable:393:5)
    at nextAsync (node:internal/streams/from:194:22)
2025-08-05 14:11:13 [ERROR]: Erreur: Erreur lors de la création de l'utilisateur
2025-08-05 14:11:13 [INFO]: GET /api/users - ::1
2025-08-05 14:11:13 [INFO]: Controller: Requête GET /users
2025-08-05 14:11:13 [INFO]: Service: Récupération de tous les utilisateurs
2025-08-05 14:11:13 [ERROR]: Erreur lors de la récupération des utilisateurs: Invalid object name 'Users'.
RequestError: Invalid object name 'Users'.
    at handleError (C:\Users\alexandre.poinot\OneDrive - Grant Thornton France\Bureau\api-nodejs\node_modules\mssql\lib\tedious\request.js:384:15)
    at Connection.emit (node:events:518:28)
    at Connection.emit (C:\Users\alexandre.poinot\OneDrive - Grant Thornton France\Bureau\api-nodejs\node_modules\tedious\lib\connection.js:970:18)
    at RequestTokenHandler.onErrorMessage (C:\Users\alexandre.poinot\OneDrive - Grant Thornton France\Bureau\api-nodejs\node_modules\tedious\lib\token\handler.js:284:21)
    at Readable.<anonymous> (C:\Users\alexandre.poinot\OneDrive - Grant Thornton France\Bureau\api-nodejs\node_modules\tedious\lib\token\token-stream-parser.js:19:33)
    at Readable.emit (node:events:518:28)
    at addChunk (node:internal/streams/readable:561:12)
    at readableAddChunkPushObjectMode (node:internal/streams/readable:538:3)
    at Readable.push (node:internal/streams/readable:393:5)
    at nextAsync (node:internal/streams/from:194:22)
2025-08-05 14:11:13 [ERROR]: Service: Erreur lors de la récupération des utilisateurs: Invalid object name 'Users'.
RequestError: Invalid object name 'Users'.
    at handleError (C:\Users\alexandre.poinot\OneDrive - Grant Thornton France\Bureau\api-nodejs\node_modules\mssql\lib\tedious\request.js:384:15)
    at Connection.emit (node:events:518:28)
    at Connection.emit (C:\Users\alexandre.poinot\OneDrive - Grant Thornton France\Bureau\api-nodejs\node_modules\tedious\lib\connection.js:970:18)
    at RequestTokenHandler.onErrorMessage (C:\Users\alexandre.poinot\OneDrive - Grant Thornton France\Bureau\api-nodejs\node_modules\tedious\lib\token\handler.js:284:21)
    at Readable.<anonymous> (C:\Users\alexandre.poinot\OneDrive - Grant Thornton France\Bureau\api-nodejs\node_modules\tedious\lib\token\token-stream-parser.js:19:33)
    at Readable.emit (node:events:518:28)
    at addChunk (node:internal/streams/readable:561:12)
    at readableAddChunkPushObjectMode (node:internal/streams/readable:538:3)
    at Readable.push (node:internal/streams/readable:393:5)
    at nextAsync (node:internal/streams/from:194:22)
2025-08-05 14:11:13 [ERROR]: Erreur: Erreur lors de la récupération des utilisateurs
2025-08-05 14:11:13 [INFO]: GET /api/users/99999 - ::1
2025-08-05 14:11:13 [INFO]: Controller: Requête GET /users/99999
2025-08-05 14:11:13 [INFO]: Service: Récupération de l'utilisateur ID 99999
2025-08-05 14:11:13 [ERROR]: Erreur lors de la récupération de l'utilisateur ID 99999: Invalid object name 'Users'.
RequestError: Invalid object name 'Users'.
    at handleError (C:\Users\alexandre.poinot\OneDrive - Grant Thornton France\Bureau\api-nodejs\node_modules\mssql\lib\tedious\request.js:384:15)
    at Connection.emit (node:events:518:28)
    at Connection.emit (C:\Users\alexandre.poinot\OneDrive - Grant Thornton France\Bureau\api-nodejs\node_modules\tedious\lib\connection.js:970:18)
    at RequestTokenHandler.onErrorMessage (C:\Users\alexandre.poinot\OneDrive - Grant Thornton France\Bureau\api-nodejs\node_modules\tedious\lib\token\handler.js:284:21)
    at Readable.<anonymous> (C:\Users\alexandre.poinot\OneDrive - Grant Thornton France\Bureau\api-nodejs\node_modules\tedious\lib\token\token-stream-parser.js:19:33)
    at Readable.emit (node:events:518:28)
    at addChunk (node:internal/streams/readable:561:12)
    at readableAddChunkPushObjectMode (node:internal/streams/readable:538:3)
    at Readable.push (node:internal/streams/readable:393:5)
    at nextAsync (node:internal/streams/from:194:22)
2025-08-05 14:11:13 [ERROR]: Service: Erreur lors de la récupération de l'utilisateur ID 99999: Invalid object name 'Users'.
RequestError: Invalid object name 'Users'.
    at handleError (C:\Users\alexandre.poinot\OneDrive - Grant Thornton France\Bureau\api-nodejs\node_modules\mssql\lib\tedious\request.js:384:15)
    at Connection.emit (node:events:518:28)
    at Connection.emit (C:\Users\alexandre.poinot\OneDrive - Grant Thornton France\Bureau\api-nodejs\node_modules\tedious\lib\connection.js:970:18)
    at RequestTokenHandler.onErrorMessage (C:\Users\alexandre.poinot\OneDrive - Grant Thornton France\Bureau\api-nodejs\node_modules\tedious\lib\token\handler.js:284:21)
    at Readable.<anonymous> (C:\Users\alexandre.poinot\OneDrive - Grant Thornton France\Bureau\api-nodejs\node_modules\tedious\lib\token\token-stream-parser.js:19:33)
    at Readable.emit (node:events:518:28)
    at addChunk (node:internal/streams/readable:561:12)
    at readableAddChunkPushObjectMode (node:internal/streams/readable:538:3)
    at Readable.push (node:internal/streams/readable:393:5)
    at nextAsync (node:internal/streams/from:194:22)
2025-08-05 14:11:13 [ERROR]: Erreur: Erreur lors de la récupération de l'utilisateur
2025-08-05 14:11:13 [INFO]: POST /api/users - ::1
2025-08-05 14:11:13 [INFO]: Controller: Requête POST /users
2025-08-05 14:11:13 [ERROR]: Erreur: Le nom est requis et doit être une chaîne non vide
2025-08-05 14:11:13 [INFO]: POST /api/users - ::1
2025-08-05 14:11:13 [INFO]: Controller: Requête POST /users
2025-08-05 14:11:13 [ERROR]: Erreur lors de la vérification de l'email marie.martin@example.com: Invalid object name 'Users'.
RequestError: Invalid object name 'Users'.
    at handleError (C:\Users\alexandre.poinot\OneDrive - Grant Thornton France\Bureau\api-nodejs\node_modules\mssql\lib\tedious\request.js:384:15)
    at Connection.emit (node:events:518:28)
    at Connection.emit (C:\Users\alexandre.poinot\OneDrive - Grant Thornton France\Bureau\api-nodejs\node_modules\tedious\lib\connection.js:970:18)
    at RequestTokenHandler.onErrorMessage (C:\Users\alexandre.poinot\OneDrive - Grant Thornton France\Bureau\api-nodejs\node_modules\tedious\lib\token\handler.js:284:21)
    at Readable.<anonymous> (C:\Users\alexandre.poinot\OneDrive - Grant Thornton France\Bureau\api-nodejs\node_modules\tedious\lib\token\token-stream-parser.js:19:33)
    at Readable.emit (node:events:518:28)
    at addChunk (node:internal/streams/readable:561:12)
    at readableAddChunkPushObjectMode (node:internal/streams/readable:538:3)
    at Readable.push (node:internal/streams/readable:393:5)
    at nextAsync (node:internal/streams/from:194:22)
2025-08-05 14:11:13 [ERROR]: Service: Erreur lors de la création de l'utilisateur: Invalid object name 'Users'.
RequestError: Invalid object name 'Users'.
    at handleError (C:\Users\alexandre.poinot\OneDrive - Grant Thornton France\Bureau\api-nodejs\node_modules\mssql\lib\tedious\request.js:384:15)
    at Connection.emit (node:events:518:28)
    at Connection.emit (C:\Users\alexandre.poinot\OneDrive - Grant Thornton France\Bureau\api-nodejs\node_modules\tedious\lib\connection.js:970:18)
    at RequestTokenHandler.onErrorMessage (C:\Users\alexandre.poinot\OneDrive - Grant Thornton France\Bureau\api-nodejs\node_modules\tedious\lib\token\handler.js:284:21)
    at Readable.<anonymous> (C:\Users\alexandre.poinot\OneDrive - Grant Thornton France\Bureau\api-nodejs\node_modules\tedious\lib\token\token-stream-parser.js:19:33)
    at Readable.emit (node:events:518:28)
    at addChunk (node:internal/streams/readable:561:12)
    at readableAddChunkPushObjectMode (node:internal/streams/readable:538:3)
    at Readable.push (node:internal/streams/readable:393:5)
    at nextAsync (node:internal/streams/from:194:22)
2025-08-05 14:11:13 [ERROR]: Erreur: Erreur lors de la création de l'utilisateur
2025-08-05 14:11:13 [INFO]: GET /api/users - ::1
2025-08-05 14:11:13 [INFO]: Controller: Requête GET /users
2025-08-05 14:11:13 [INFO]: Service: Récupération de tous les utilisateurs
2025-08-05 14:11:13 [ERROR]: Erreur lors de la récupération des utilisateurs: Invalid object name 'Users'.
RequestError: Invalid object name 'Users'.
    at handleError (C:\Users\alexandre.poinot\OneDrive - Grant Thornton France\Bureau\api-nodejs\node_modules\mssql\lib\tedious\request.js:384:15)
    at Connection.emit (node:events:518:28)
    at Connection.emit (C:\Users\alexandre.poinot\OneDrive - Grant Thornton France\Bureau\api-nodejs\node_modules\tedious\lib\connection.js:970:18)
    at RequestTokenHandler.onErrorMessage (C:\Users\alexandre.poinot\OneDrive - Grant Thornton France\Bureau\api-nodejs\node_modules\tedious\lib\token\handler.js:284:21)
    at Readable.<anonymous> (C:\Users\alexandre.poinot\OneDrive - Grant Thornton France\Bureau\api-nodejs\node_modules\tedious\lib\token\token-stream-parser.js:19:33)
    at Readable.emit (node:events:518:28)
    at addChunk (node:internal/streams/readable:561:12)
    at readableAddChunkPushObjectMode (node:internal/streams/readable:538:3)
    at Readable.push (node:internal/streams/readable:393:5)
    at nextAsync (node:internal/streams/from:194:22)
2025-08-05 14:11:13 [ERROR]: Service: Erreur lors de la récupération des utilisateurs: Invalid object name 'Users'.
RequestError: Invalid object name 'Users'.
    at handleError (C:\Users\alexandre.poinot\OneDrive - Grant Thornton France\Bureau\api-nodejs\node_modules\mssql\lib\tedious\request.js:384:15)
    at Connection.emit (node:events:518:28)
    at Connection.emit (C:\Users\alexandre.poinot\OneDrive - Grant Thornton France\Bureau\api-nodejs\node_modules\tedious\lib\connection.js:970:18)
    at RequestTokenHandler.onErrorMessage (C:\Users\alexandre.poinot\OneDrive - Grant Thornton France\Bureau\api-nodejs\node_modules\tedious\lib\token\handler.js:284:21)
    at Readable.<anonymous> (C:\Users\alexandre.poinot\OneDrive - Grant Thornton France\Bureau\api-nodejs\node_modules\tedious\lib\token\token-stream-parser.js:19:33)
    at Readable.emit (node:events:518:28)
    at addChunk (node:internal/streams/readable:561:12)
    at readableAddChunkPushObjectMode (node:internal/streams/readable:538:3)
    at Readable.push (node:internal/streams/readable:393:5)
    at nextAsync (node:internal/streams/from:194:22)
2025-08-05 14:11:13 [ERROR]: Erreur: Erreur lors de la récupération des utilisateurs
2025-08-05 14:14:51 [INFO]: GET /health - ::1
2025-08-05 14:14:51 [INFO]: GET /api/users - ::1
2025-08-05 14:14:51 [INFO]: Controller: Requête GET /users
2025-08-05 14:14:51 [INFO]: Service: Récupération de tous les utilisateurs
2025-08-05 14:14:52 [ERROR]: Erreur lors de la récupération des utilisateurs: Invalid object name 'Users'.
RequestError: Invalid object name 'Users'.
    at handleError (C:\Users\alexandre.poinot\OneDrive - Grant Thornton France\Bureau\api-nodejs\node_modules\mssql\lib\tedious\request.js:384:15)
    at Connection.emit (node:events:518:28)
    at Connection.emit (C:\Users\alexandre.poinot\OneDrive - Grant Thornton France\Bureau\api-nodejs\node_modules\tedious\lib\connection.js:970:18)
    at RequestTokenHandler.onErrorMessage (C:\Users\alexandre.poinot\OneDrive - Grant Thornton France\Bureau\api-nodejs\node_modules\tedious\lib\token\handler.js:284:21)
    at Readable.<anonymous> (C:\Users\alexandre.poinot\OneDrive - Grant Thornton France\Bureau\api-nodejs\node_modules\tedious\lib\token\token-stream-parser.js:19:33)
    at Readable.emit (node:events:518:28)
    at addChunk (node:internal/streams/readable:561:12)
    at readableAddChunkPushObjectMode (node:internal/streams/readable:538:3)
    at Readable.push (node:internal/streams/readable:393:5)
    at nextAsync (node:internal/streams/from:194:22)
2025-08-05 14:14:52 [ERROR]: Service: Erreur lors de la récupération des utilisateurs: Invalid object name 'Users'.
RequestError: Invalid object name 'Users'.
    at handleError (C:\Users\alexandre.poinot\OneDrive - Grant Thornton France\Bureau\api-nodejs\node_modules\mssql\lib\tedious\request.js:384:15)
    at Connection.emit (node:events:518:28)
    at Connection.emit (C:\Users\alexandre.poinot\OneDrive - Grant Thornton France\Bureau\api-nodejs\node_modules\tedious\lib\connection.js:970:18)
    at RequestTokenHandler.onErrorMessage (C:\Users\alexandre.poinot\OneDrive - Grant Thornton France\Bureau\api-nodejs\node_modules\tedious\lib\token\handler.js:284:21)
    at Readable.<anonymous> (C:\Users\alexandre.poinot\OneDrive - Grant Thornton France\Bureau\api-nodejs\node_modules\tedious\lib\token\token-stream-parser.js:19:33)
    at Readable.emit (node:events:518:28)
    at addChunk (node:internal/streams/readable:561:12)
    at readableAddChunkPushObjectMode (node:internal/streams/readable:538:3)
    at Readable.push (node:internal/streams/readable:393:5)
    at nextAsync (node:internal/streams/from:194:22)
2025-08-05 14:14:52 [ERROR]: Erreur: Erreur lors de la récupération des utilisateurs
2025-08-05 14:14:52 [INFO]: POST /api/users - ::1
2025-08-05 14:14:52 [INFO]: Controller: Requête POST /users
2025-08-05 14:14:52 [ERROR]: Erreur lors de la vérification de l'email jean.dupont@example.com: Invalid object name 'Users'.
RequestError: Invalid object name 'Users'.
    at handleError (C:\Users\alexandre.poinot\OneDrive - Grant Thornton France\Bureau\api-nodejs\node_modules\mssql\lib\tedious\request.js:384:15)
    at Connection.emit (node:events:518:28)
    at Connection.emit (C:\Users\alexandre.poinot\OneDrive - Grant Thornton France\Bureau\api-nodejs\node_modules\tedious\lib\connection.js:970:18)
    at RequestTokenHandler.onErrorMessage (C:\Users\alexandre.poinot\OneDrive - Grant Thornton France\Bureau\api-nodejs\node_modules\tedious\lib\token\handler.js:284:21)
    at Readable.<anonymous> (C:\Users\alexandre.poinot\OneDrive - Grant Thornton France\Bureau\api-nodejs\node_modules\tedious\lib\token\token-stream-parser.js:19:33)
    at Readable.emit (node:events:518:28)
    at addChunk (node:internal/streams/readable:561:12)
    at readableAddChunkPushObjectMode (node:internal/streams/readable:538:3)
    at Readable.push (node:internal/streams/readable:393:5)
    at nextAsync (node:internal/streams/from:194:22)
2025-08-05 14:14:52 [ERROR]: Service: Erreur lors de la création de l'utilisateur: Invalid object name 'Users'.
RequestError: Invalid object name 'Users'.
    at handleError (C:\Users\alexandre.poinot\OneDrive - Grant Thornton France\Bureau\api-nodejs\node_modules\mssql\lib\tedious\request.js:384:15)
    at Connection.emit (node:events:518:28)
    at Connection.emit (C:\Users\alexandre.poinot\OneDrive - Grant Thornton France\Bureau\api-nodejs\node_modules\tedious\lib\connection.js:970:18)
    at RequestTokenHandler.onErrorMessage (C:\Users\alexandre.poinot\OneDrive - Grant Thornton France\Bureau\api-nodejs\node_modules\tedious\lib\token\handler.js:284:21)
    at Readable.<anonymous> (C:\Users\alexandre.poinot\OneDrive - Grant Thornton France\Bureau\api-nodejs\node_modules\tedious\lib\token\token-stream-parser.js:19:33)
    at Readable.emit (node:events:518:28)
    at addChunk (node:internal/streams/readable:561:12)
    at readableAddChunkPushObjectMode (node:internal/streams/readable:538:3)
    at Readable.push (node:internal/streams/readable:393:5)
    at nextAsync (node:internal/streams/from:194:22)
2025-08-05 14:14:52 [ERROR]: Erreur: Erreur lors de la création de l'utilisateur
2025-08-05 14:14:52 [INFO]: POST /api/users - ::1
2025-08-05 14:14:52 [INFO]: Controller: Requête POST /users
2025-08-05 14:14:52 [ERROR]: Erreur lors de la vérification de l'email marie.martin@example.com: Invalid object name 'Users'.
RequestError: Invalid object name 'Users'.
    at handleError (C:\Users\alexandre.poinot\OneDrive - Grant Thornton France\Bureau\api-nodejs\node_modules\mssql\lib\tedious\request.js:384:15)
    at Connection.emit (node:events:518:28)
    at Connection.emit (C:\Users\alexandre.poinot\OneDrive - Grant Thornton France\Bureau\api-nodejs\node_modules\tedious\lib\connection.js:970:18)
    at RequestTokenHandler.onErrorMessage (C:\Users\alexandre.poinot\OneDrive - Grant Thornton France\Bureau\api-nodejs\node_modules\tedious\lib\token\handler.js:284:21)
    at Readable.<anonymous> (C:\Users\alexandre.poinot\OneDrive - Grant Thornton France\Bureau\api-nodejs\node_modules\tedious\lib\token\token-stream-parser.js:19:33)
    at Readable.emit (node:events:518:28)
    at addChunk (node:internal/streams/readable:561:12)
    at readableAddChunkPushObjectMode (node:internal/streams/readable:538:3)
    at Readable.push (node:internal/streams/readable:393:5)
    at nextAsync (node:internal/streams/from:194:22)
2025-08-05 14:14:52 [ERROR]: Service: Erreur lors de la création de l'utilisateur: Invalid object name 'Users'.
RequestError: Invalid object name 'Users'.
    at handleError (C:\Users\alexandre.poinot\OneDrive - Grant Thornton France\Bureau\api-nodejs\node_modules\mssql\lib\tedious\request.js:384:15)
    at Connection.emit (node:events:518:28)
    at Connection.emit (C:\Users\alexandre.poinot\OneDrive - Grant Thornton France\Bureau\api-nodejs\node_modules\tedious\lib\connection.js:970:18)
    at RequestTokenHandler.onErrorMessage (C:\Users\alexandre.poinot\OneDrive - Grant Thornton France\Bureau\api-nodejs\node_modules\tedious\lib\token\handler.js:284:21)
    at Readable.<anonymous> (C:\Users\alexandre.poinot\OneDrive - Grant Thornton France\Bureau\api-nodejs\node_modules\tedious\lib\token\token-stream-parser.js:19:33)
    at Readable.emit (node:events:518:28)
    at addChunk (node:internal/streams/readable:561:12)
    at readableAddChunkPushObjectMode (node:internal/streams/readable:538:3)
    at Readable.push (node:internal/streams/readable:393:5)
    at nextAsync (node:internal/streams/from:194:22)
2025-08-05 14:14:52 [ERROR]: Erreur: Erreur lors de la création de l'utilisateur
2025-08-05 14:14:52 [INFO]: GET /api/users - ::1
2025-08-05 14:14:52 [INFO]: Controller: Requête GET /users
2025-08-05 14:14:52 [INFO]: Service: Récupération de tous les utilisateurs
2025-08-05 14:14:52 [ERROR]: Erreur lors de la récupération des utilisateurs: Invalid object name 'Users'.
RequestError: Invalid object name 'Users'.
    at handleError (C:\Users\alexandre.poinot\OneDrive - Grant Thornton France\Bureau\api-nodejs\node_modules\mssql\lib\tedious\request.js:384:15)
    at Connection.emit (node:events:518:28)
    at Connection.emit (C:\Users\alexandre.poinot\OneDrive - Grant Thornton France\Bureau\api-nodejs\node_modules\tedious\lib\connection.js:970:18)
    at RequestTokenHandler.onErrorMessage (C:\Users\alexandre.poinot\OneDrive - Grant Thornton France\Bureau\api-nodejs\node_modules\tedious\lib\token\handler.js:284:21)
    at Readable.<anonymous> (C:\Users\alexandre.poinot\OneDrive - Grant Thornton France\Bureau\api-nodejs\node_modules\tedious\lib\token\token-stream-parser.js:19:33)
    at Readable.emit (node:events:518:28)
    at addChunk (node:internal/streams/readable:561:12)
    at readableAddChunkPushObjectMode (node:internal/streams/readable:538:3)
    at Readable.push (node:internal/streams/readable:393:5)
    at nextAsync (node:internal/streams/from:194:22)
2025-08-05 14:14:52 [ERROR]: Service: Erreur lors de la récupération des utilisateurs: Invalid object name 'Users'.
RequestError: Invalid object name 'Users'.
    at handleError (C:\Users\alexandre.poinot\OneDrive - Grant Thornton France\Bureau\api-nodejs\node_modules\mssql\lib\tedious\request.js:384:15)
    at Connection.emit (node:events:518:28)
    at Connection.emit (C:\Users\alexandre.poinot\OneDrive - Grant Thornton France\Bureau\api-nodejs\node_modules\tedious\lib\connection.js:970:18)
    at RequestTokenHandler.onErrorMessage (C:\Users\alexandre.poinot\OneDrive - Grant Thornton France\Bureau\api-nodejs\node_modules\tedious\lib\token\handler.js:284:21)
    at Readable.<anonymous> (C:\Users\alexandre.poinot\OneDrive - Grant Thornton France\Bureau\api-nodejs\node_modules\tedious\lib\token\token-stream-parser.js:19:33)
    at Readable.emit (node:events:518:28)
    at addChunk (node:internal/streams/readable:561:12)
    at readableAddChunkPushObjectMode (node:internal/streams/readable:538:3)
    at Readable.push (node:internal/streams/readable:393:5)
    at nextAsync (node:internal/streams/from:194:22)
2025-08-05 14:14:52 [ERROR]: Erreur: Erreur lors de la récupération des utilisateurs
2025-08-05 14:14:52 [INFO]: GET /api/users/99999 - ::1
2025-08-05 14:14:52 [INFO]: Controller: Requête GET /users/99999
2025-08-05 14:14:52 [INFO]: Service: Récupération de l'utilisateur ID 99999
2025-08-05 14:14:52 [ERROR]: Erreur lors de la récupération de l'utilisateur ID 99999: Invalid object name 'Users'.
RequestError: Invalid object name 'Users'.
    at handleError (C:\Users\alexandre.poinot\OneDrive - Grant Thornton France\Bureau\api-nodejs\node_modules\mssql\lib\tedious\request.js:384:15)
    at Connection.emit (node:events:518:28)
    at Connection.emit (C:\Users\alexandre.poinot\OneDrive - Grant Thornton France\Bureau\api-nodejs\node_modules\tedious\lib\connection.js:970:18)
    at RequestTokenHandler.onErrorMessage (C:\Users\alexandre.poinot\OneDrive - Grant Thornton France\Bureau\api-nodejs\node_modules\tedious\lib\token\handler.js:284:21)
    at Readable.<anonymous> (C:\Users\alexandre.poinot\OneDrive - Grant Thornton France\Bureau\api-nodejs\node_modules\tedious\lib\token\token-stream-parser.js:19:33)
    at Readable.emit (node:events:518:28)
    at addChunk (node:internal/streams/readable:561:12)
    at readableAddChunkPushObjectMode (node:internal/streams/readable:538:3)
    at Readable.push (node:internal/streams/readable:393:5)
    at nextAsync (node:internal/streams/from:194:22)
2025-08-05 14:14:52 [ERROR]: Service: Erreur lors de la récupération de l'utilisateur ID 99999: Invalid object name 'Users'.
RequestError: Invalid object name 'Users'.
    at handleError (C:\Users\alexandre.poinot\OneDrive - Grant Thornton France\Bureau\api-nodejs\node_modules\mssql\lib\tedious\request.js:384:15)
    at Connection.emit (node:events:518:28)
    at Connection.emit (C:\Users\alexandre.poinot\OneDrive - Grant Thornton France\Bureau\api-nodejs\node_modules\tedious\lib\connection.js:970:18)
    at RequestTokenHandler.onErrorMessage (C:\Users\alexandre.poinot\OneDrive - Grant Thornton France\Bureau\api-nodejs\node_modules\tedious\lib\token\handler.js:284:21)
    at Readable.<anonymous> (C:\Users\alexandre.poinot\OneDrive - Grant Thornton France\Bureau\api-nodejs\node_modules\tedious\lib\token\token-stream-parser.js:19:33)
    at Readable.emit (node:events:518:28)
    at addChunk (node:internal/streams/readable:561:12)
    at readableAddChunkPushObjectMode (node:internal/streams/readable:538:3)
    at Readable.push (node:internal/streams/readable:393:5)
    at nextAsync (node:internal/streams/from:194:22)
2025-08-05 14:14:52 [ERROR]: Erreur: Erreur lors de la récupération de l'utilisateur
2025-08-05 14:14:52 [INFO]: POST /api/users - ::1
2025-08-05 14:14:52 [INFO]: Controller: Requête POST /users
2025-08-05 14:14:52 [ERROR]: Erreur: Le nom est requis et doit être une chaîne non vide
2025-08-05 14:14:52 [INFO]: POST /api/users - ::1
2025-08-05 14:14:52 [INFO]: Controller: Requête POST /users
2025-08-05 14:14:52 [ERROR]: Erreur lors de la vérification de l'email marie.martin@example.com: Invalid object name 'Users'.
RequestError: Invalid object name 'Users'.
    at handleError (C:\Users\alexandre.poinot\OneDrive - Grant Thornton France\Bureau\api-nodejs\node_modules\mssql\lib\tedious\request.js:384:15)
    at Connection.emit (node:events:518:28)
    at Connection.emit (C:\Users\alexandre.poinot\OneDrive - Grant Thornton France\Bureau\api-nodejs\node_modules\tedious\lib\connection.js:970:18)
    at RequestTokenHandler.onErrorMessage (C:\Users\alexandre.poinot\OneDrive - Grant Thornton France\Bureau\api-nodejs\node_modules\tedious\lib\token\handler.js:284:21)
    at Readable.<anonymous> (C:\Users\alexandre.poinot\OneDrive - Grant Thornton France\Bureau\api-nodejs\node_modules\tedious\lib\token\token-stream-parser.js:19:33)
    at Readable.emit (node:events:518:28)
    at addChunk (node:internal/streams/readable:561:12)
    at readableAddChunkPushObjectMode (node:internal/streams/readable:538:3)
    at Readable.push (node:internal/streams/readable:393:5)
    at nextAsync (node:internal/streams/from:194:22)
2025-08-05 14:14:52 [ERROR]: Service: Erreur lors de la création de l'utilisateur: Invalid object name 'Users'.
RequestError: Invalid object name 'Users'.
    at handleError (C:\Users\alexandre.poinot\OneDrive - Grant Thornton France\Bureau\api-nodejs\node_modules\mssql\lib\tedious\request.js:384:15)
    at Connection.emit (node:events:518:28)
    at Connection.emit (C:\Users\alexandre.poinot\OneDrive - Grant Thornton France\Bureau\api-nodejs\node_modules\tedious\lib\connection.js:970:18)
    at RequestTokenHandler.onErrorMessage (C:\Users\alexandre.poinot\OneDrive - Grant Thornton France\Bureau\api-nodejs\node_modules\tedious\lib\token\handler.js:284:21)
    at Readable.<anonymous> (C:\Users\alexandre.poinot\OneDrive - Grant Thornton France\Bureau\api-nodejs\node_modules\tedious\lib\token\token-stream-parser.js:19:33)
    at Readable.emit (node:events:518:28)
    at addChunk (node:internal/streams/readable:561:12)
    at readableAddChunkPushObjectMode (node:internal/streams/readable:538:3)
    at Readable.push (node:internal/streams/readable:393:5)
    at nextAsync (node:internal/streams/from:194:22)
2025-08-05 14:14:52 [ERROR]: Erreur: Erreur lors de la création de l'utilisateur
2025-08-05 14:14:52 [INFO]: GET /api/users - ::1
2025-08-05 14:14:52 [INFO]: Controller: Requête GET /users
2025-08-05 14:14:52 [INFO]: Service: Récupération de tous les utilisateurs
2025-08-05 14:14:52 [ERROR]: Erreur lors de la récupération des utilisateurs: Invalid object name 'Users'.
RequestError: Invalid object name 'Users'.
    at handleError (C:\Users\alexandre.poinot\OneDrive - Grant Thornton France\Bureau\api-nodejs\node_modules\mssql\lib\tedious\request.js:384:15)
    at Connection.emit (node:events:518:28)
    at Connection.emit (C:\Users\alexandre.poinot\OneDrive - Grant Thornton France\Bureau\api-nodejs\node_modules\tedious\lib\connection.js:970:18)
    at RequestTokenHandler.onErrorMessage (C:\Users\alexandre.poinot\OneDrive - Grant Thornton France\Bureau\api-nodejs\node_modules\tedious\lib\token\handler.js:284:21)
    at Readable.<anonymous> (C:\Users\alexandre.poinot\OneDrive - Grant Thornton France\Bureau\api-nodejs\node_modules\tedious\lib\token\token-stream-parser.js:19:33)
    at Readable.emit (node:events:518:28)
    at addChunk (node:internal/streams/readable:561:12)
    at readableAddChunkPushObjectMode (node:internal/streams/readable:538:3)
    at Readable.push (node:internal/streams/readable:393:5)
    at nextAsync (node:internal/streams/from:194:22)
2025-08-05 14:14:52 [ERROR]: Service: Erreur lors de la récupération des utilisateurs: Invalid object name 'Users'.
RequestError: Invalid object name 'Users'.
    at handleError (C:\Users\alexandre.poinot\OneDrive - Grant Thornton France\Bureau\api-nodejs\node_modules\mssql\lib\tedious\request.js:384:15)
    at Connection.emit (node:events:518:28)
    at Connection.emit (C:\Users\alexandre.poinot\OneDrive - Grant Thornton France\Bureau\api-nodejs\node_modules\tedious\lib\connection.js:970:18)
    at RequestTokenHandler.onErrorMessage (C:\Users\alexandre.poinot\OneDrive - Grant Thornton France\Bureau\api-nodejs\node_modules\tedious\lib\token\handler.js:284:21)
    at Readable.<anonymous> (C:\Users\alexandre.poinot\OneDrive - Grant Thornton France\Bureau\api-nodejs\node_modules\tedious\lib\token\token-stream-parser.js:19:33)
    at Readable.emit (node:events:518:28)
    at addChunk (node:internal/streams/readable:561:12)
    at readableAddChunkPushObjectMode (node:internal/streams/readable:538:3)
    at Readable.push (node:internal/streams/readable:393:5)
    at nextAsync (node:internal/streams/from:194:22)
2025-08-05 14:14:52 [ERROR]: Erreur: Erreur lors de la récupération des utilisateurs
2025-08-05 14:18:43 [INFO]: Pool de connexions SQL Server créé avec succès
2025-08-05 14:18:43 [INFO]: Connexion à la base de données établie
2025-08-05 14:18:43 [INFO]: Serveur démarré sur le port 3000
2025-08-05 14:18:43 [INFO]: Environment: development
2025-08-05 14:18:43 [INFO]: Health check: http://localhost:3000/health
2025-08-05 14:19:52 [INFO]: Pool de connexions SQL Server créé avec succès
2025-08-05 14:19:52 [INFO]: Connexion à la base de données établie
2025-08-05 14:19:52 [INFO]: Serveur démarré sur le port 3000
2025-08-05 14:19:52 [INFO]: Environment: development
2025-08-05 14:19:52 [INFO]: Health check: http://localhost:3000/health
2025-08-05 14:20:38 [INFO]: Pool de connexions SQL Server créé avec succès
2025-08-05 14:20:38 [INFO]: Connexion à la base de données établie
2025-08-05 14:20:38 [INFO]: Serveur démarré sur le port 3000
2025-08-05 14:20:38 [INFO]: Environment: development
2025-08-05 14:20:38 [INFO]: Health check: http://localhost:3000/health
2025-08-05 14:20:42 [INFO]: Pool de connexions SQL Server créé avec succès
2025-08-05 14:20:42 [INFO]: Connexion à la base de données établie
2025-08-05 14:20:42 [INFO]: Serveur démarré sur le port 3000
2025-08-05 14:20:42 [INFO]: Environment: development
2025-08-05 14:20:42 [INFO]: Health check: http://localhost:3000/health
2025-08-05 14:21:07 [INFO]: GET /health - ::1
2025-08-05 14:21:16 [INFO]: GET /users - ::1
2025-08-05 14:21:16 [WARN]: Route non trouvée: GET /users - ::1
2025-08-05 14:22:03 [INFO]: GET /api/users - ::1
2025-08-05 14:22:03 [INFO]: Controller: Requête GET /users
2025-08-05 14:22:03 [INFO]: Service: Récupération de tous les utilisateurs
2025-08-05 14:22:03 [INFO]: 13412 utilisateurs récupérés
2025-08-05 14:25:15 [INFO]: Pool de connexions SQL Server créé avec succès
2025-08-05 14:25:15 [INFO]: Connexion à la base de données établie
2025-08-05 14:25:15 [INFO]: Serveur démarré sur le port 3000
2025-08-05 14:25:15 [INFO]: Environment: development
2025-08-05 14:25:15 [INFO]: Health check: http://localhost:3000/health
2025-08-05 14:25:19 [INFO]: Pool de connexions SQL Server créé avec succès
2025-08-05 14:25:19 [INFO]: Connexion à la base de données établie
2025-08-05 14:25:19 [INFO]: Serveur démarré sur le port 3000
2025-08-05 14:25:19 [INFO]: Environment: development
2025-08-05 14:25:19 [INFO]: Health check: http://localhost:3000/health
2025-08-05 14:25:51 [INFO]: Pool de connexions SQL Server créé avec succès
2025-08-05 14:25:51 [INFO]: Connexion à la base de données établie
2025-08-05 14:25:51 [INFO]: Serveur démarré sur le port 3000
2025-08-05 14:25:51 [INFO]: Environment: development
2025-08-05 14:25:51 [INFO]: Health check: http://localhost:3000/health
2025-08-05 14:25:57 [INFO]: Pool de connexions SQL Server créé avec succès
2025-08-05 14:25:57 [INFO]: Connexion à la base de données établie
2025-08-05 14:25:57 [INFO]: Serveur démarré sur le port 3000
2025-08-05 14:25:57 [INFO]: Environment: development
2025-08-05 14:25:57 [INFO]: Health check: http://localhost:3000/health
2025-08-05 14:26:40 [INFO]: Pool de connexions SQL Server créé avec succès
2025-08-05 14:26:40 [INFO]: Connexion à la base de données établie
2025-08-05 14:26:40 [INFO]: Serveur démarré sur le port 3000
2025-08-05 14:26:40 [INFO]: Environment: development
2025-08-05 14:26:40 [INFO]: Health check: http://localhost:3000/health
2025-08-05 14:27:12 [INFO]: Pool de connexions SQL Server créé avec succès
2025-08-05 14:27:12 [INFO]: Connexion à la base de données établie
2025-08-05 14:27:12 [INFO]: Serveur démarré sur le port 3000
2025-08-05 14:27:12 [INFO]: Environment: development
2025-08-05 14:27:12 [INFO]: Health check: http://localhost:3000/health
2025-08-05 14:27:19 [INFO]: Pool de connexions SQL Server créé avec succès
2025-08-05 14:27:19 [INFO]: Connexion à la base de données établie
2025-08-05 14:27:19 [INFO]: Serveur démarré sur le port 3000
2025-08-05 14:27:19 [INFO]: Environment: development
2025-08-05 14:27:19 [INFO]: Health check: http://localhost:3000/health
2025-08-05 14:27:22 [INFO]: Pool de connexions SQL Server créé avec succès
2025-08-05 14:27:22 [INFO]: Connexion à la base de données établie
2025-08-05 14:27:22 [INFO]: Serveur démarré sur le port 3000
2025-08-05 14:27:22 [INFO]: Environment: development
2025-08-05 14:27:22 [INFO]: Health check: http://localhost:3000/health
2025-08-05 14:27:30 [INFO]: Pool de connexions SQL Server créé avec succès
2025-08-05 14:27:30 [INFO]: Connexion à la base de données établie
2025-08-05 14:27:30 [INFO]: Serveur démarré sur le port 3000
2025-08-05 14:27:30 [INFO]: Environment: development
2025-08-05 14:27:30 [INFO]: Health check: http://localhost:3000/health
2025-08-05 14:27:33 [INFO]: Pool de connexions SQL Server créé avec succès
2025-08-05 14:27:33 [INFO]: Connexion à la base de données établie
2025-08-05 14:27:33 [INFO]: Serveur démarré sur le port 3000
2025-08-05 14:27:33 [INFO]: Environment: development
2025-08-05 14:27:33 [INFO]: Health check: http://localhost:3000/health
2025-08-05 14:27:35 [INFO]: Pool de connexions SQL Server créé avec succès
2025-08-05 14:27:35 [INFO]: Connexion à la base de données établie
2025-08-05 14:27:35 [INFO]: Serveur démarré sur le port 3000
2025-08-05 14:27:35 [INFO]: Environment: development
2025-08-05 14:27:35 [INFO]: Health check: http://localhost:3000/health
2025-08-05 14:27:38 [INFO]: Pool de connexions SQL Server créé avec succès
2025-08-05 14:27:38 [INFO]: Connexion à la base de données établie
2025-08-05 14:27:38 [INFO]: Serveur démarré sur le port 3000
2025-08-05 14:27:38 [INFO]: Environment: development
2025-08-05 14:27:38 [INFO]: Health check: http://localhost:3000/health
2025-08-05 14:27:49 [INFO]: Pool de connexions SQL Server créé avec succès
2025-08-05 14:27:49 [INFO]: Connexion à la base de données établie
2025-08-05 14:27:49 [INFO]: Serveur démarré sur le port 3000
2025-08-05 14:27:49 [INFO]: Environment: development
2025-08-05 14:27:49 [INFO]: Health check: http://localhost:3000/health
2025-08-05 14:27:52 [INFO]: Pool de connexions SQL Server créé avec succès
2025-08-05 14:27:52 [INFO]: Connexion à la base de données établie
2025-08-05 14:27:52 [INFO]: Serveur démarré sur le port 3000
2025-08-05 14:27:52 [INFO]: Environment: development
2025-08-05 14:27:52 [INFO]: Health check: http://localhost:3000/health
2025-08-05 14:28:05 [INFO]: Pool de connexions SQL Server créé avec succès
2025-08-05 14:28:05 [INFO]: Connexion à la base de données établie
2025-08-05 14:28:05 [INFO]: Serveur démarré sur le port 3000
2025-08-05 14:28:05 [INFO]: Environment: development
2025-08-05 14:28:05 [INFO]: Health check: http://localhost:3000/health
2025-08-05 14:28:08 [INFO]: Pool de connexions SQL Server créé avec succès
2025-08-05 14:28:08 [INFO]: Connexion à la base de données établie
2025-08-05 14:28:08 [INFO]: Serveur démarré sur le port 3000
2025-08-05 14:28:08 [INFO]: Environment: development
2025-08-05 14:28:08 [INFO]: Health check: http://localhost:3000/health
2025-08-05 14:28:12 [INFO]: Pool de connexions SQL Server créé avec succès
2025-08-05 14:28:12 [INFO]: Connexion à la base de données établie
2025-08-05 14:28:12 [INFO]: Serveur démarré sur le port 3000
2025-08-05 14:28:12 [INFO]: Environment: development
2025-08-05 14:28:12 [INFO]: Health check: http://localhost:3000/health
2025-08-05 14:28:20 [INFO]: Pool de connexions SQL Server créé avec succès
2025-08-05 14:28:20 [INFO]: Connexion à la base de données établie
2025-08-05 14:28:20 [INFO]: Serveur démarré sur le port 3000
2025-08-05 14:28:20 [INFO]: Environment: development
2025-08-05 14:28:20 [INFO]: Health check: http://localhost:3000/health
2025-08-05 14:28:26 [INFO]: Pool de connexions SQL Server créé avec succès
2025-08-05 14:28:26 [INFO]: Connexion à la base de données établie
2025-08-05 14:28:26 [INFO]: Serveur démarré sur le port 3000
2025-08-05 14:28:26 [INFO]: Environment: development
2025-08-05 14:28:26 [INFO]: Health check: http://localhost:3000/health
2025-08-05 14:28:28 [INFO]: Pool de connexions SQL Server créé avec succès
2025-08-05 14:28:28 [INFO]: Connexion à la base de données établie
2025-08-05 14:28:28 [INFO]: Serveur démarré sur le port 3000
2025-08-05 14:28:28 [INFO]: Environment: development
2025-08-05 14:28:28 [INFO]: Health check: http://localhost:3000/health
2025-08-05 14:28:30 [INFO]: Pool de connexions SQL Server créé avec succès
2025-08-05 14:28:30 [INFO]: Connexion à la base de données établie
2025-08-05 14:28:30 [INFO]: Serveur démarré sur le port 3000
2025-08-05 14:28:30 [INFO]: Environment: development
2025-08-05 14:28:30 [INFO]: Health check: http://localhost:3000/health
2025-08-05 14:28:49 [INFO]: Pool de connexions SQL Server créé avec succès
2025-08-05 14:28:49 [INFO]: Connexion à la base de données établie
2025-08-05 14:28:49 [INFO]: Serveur démarré sur le port 3000
2025-08-05 14:28:49 [INFO]: Environment: development
2025-08-05 14:28:49 [INFO]: Health check: http://localhost:3000/health
2025-08-05 14:28:51 [INFO]: Pool de connexions SQL Server créé avec succès
2025-08-05 14:28:51 [INFO]: Connexion à la base de données établie
2025-08-05 14:28:51 [INFO]: Serveur démarré sur le port 3000
2025-08-05 14:28:51 [INFO]: Environment: development
2025-08-05 14:28:51 [INFO]: Health check: http://localhost:3000/health
2025-08-05 14:28:53 [INFO]: Pool de connexions SQL Server créé avec succès
2025-08-05 14:28:53 [INFO]: Connexion à la base de données établie
2025-08-05 14:28:53 [INFO]: Serveur démarré sur le port 3000
2025-08-05 14:28:53 [INFO]: Environment: development
2025-08-05 14:28:53 [INFO]: Health check: http://localhost:3000/health
2025-08-05 14:28:55 [INFO]: Pool de connexions SQL Server créé avec succès
2025-08-05 14:28:55 [INFO]: Connexion à la base de données établie
2025-08-05 14:28:55 [INFO]: Serveur démarré sur le port 3000
2025-08-05 14:28:55 [INFO]: Environment: development
2025-08-05 14:28:55 [INFO]: Health check: http://localhost:3000/health
2025-08-05 14:28:57 [INFO]: Pool de connexions SQL Server créé avec succès
2025-08-05 14:28:57 [INFO]: Connexion à la base de données établie
2025-08-05 14:28:57 [INFO]: Serveur démarré sur le port 3000
2025-08-05 14:28:57 [INFO]: Environment: development
2025-08-05 14:28:57 [INFO]: Health check: http://localhost:3000/health
2025-08-05 14:28:58 [INFO]: Pool de connexions SQL Server créé avec succès
2025-08-05 14:28:58 [INFO]: Connexion à la base de données établie
2025-08-05 14:28:58 [INFO]: Serveur démarré sur le port 3000
2025-08-05 14:28:58 [INFO]: Environment: development
2025-08-05 14:28:58 [INFO]: Health check: http://localhost:3000/health
2025-08-05 14:29:01 [INFO]: Pool de connexions SQL Server créé avec succès
2025-08-05 14:29:01 [INFO]: Connexion à la base de données établie
2025-08-05 14:29:01 [INFO]: Serveur démarré sur le port 3000
2025-08-05 14:29:01 [INFO]: Environment: development
2025-08-05 14:29:01 [INFO]: Health check: http://localhost:3000/health
2025-08-05 14:29:03 [INFO]: Pool de connexions SQL Server créé avec succès
2025-08-05 14:29:03 [INFO]: Connexion à la base de données établie
2025-08-05 14:29:03 [INFO]: Serveur démarré sur le port 3000
2025-08-05 14:29:03 [INFO]: Environment: development
2025-08-05 14:29:03 [INFO]: Health check: http://localhost:3000/health
2025-08-05 14:29:09 [INFO]: Pool de connexions SQL Server créé avec succès
2025-08-05 14:29:09 [INFO]: Connexion à la base de données établie
2025-08-05 14:29:09 [INFO]: Serveur démarré sur le port 3000
2025-08-05 14:29:09 [INFO]: Environment: development
2025-08-05 14:29:09 [INFO]: Health check: http://localhost:3000/health
2025-08-05 14:29:13 [INFO]: Pool de connexions SQL Server créé avec succès
2025-08-05 14:29:13 [INFO]: Connexion à la base de données établie
2025-08-05 14:29:13 [INFO]: Serveur démarré sur le port 3000
2025-08-05 14:29:13 [INFO]: Environment: development
2025-08-05 14:29:13 [INFO]: Health check: http://localhost:3000/health
2025-08-05 14:29:19 [INFO]: Pool de connexions SQL Server créé avec succès
2025-08-05 14:29:19 [INFO]: Connexion à la base de données établie
2025-08-05 14:29:19 [INFO]: Serveur démarré sur le port 3000
2025-08-05 14:29:19 [INFO]: Environment: development
2025-08-05 14:29:19 [INFO]: Health check: http://localhost:3000/health
2025-08-05 14:29:23 [INFO]: Pool de connexions SQL Server créé avec succès
2025-08-05 14:29:23 [INFO]: Connexion à la base de données établie
2025-08-05 14:29:23 [INFO]: Serveur démarré sur le port 3000
2025-08-05 14:29:23 [INFO]: Environment: development
2025-08-05 14:29:23 [INFO]: Health check: http://localhost:3000/health
2025-08-05 14:29:41 [INFO]: Pool de connexions SQL Server créé avec succès
2025-08-05 14:29:41 [INFO]: Connexion à la base de données établie
2025-08-05 14:29:41 [INFO]: Serveur démarré sur le port 3000
2025-08-05 14:29:41 [INFO]: Environment: development
2025-08-05 14:29:41 [INFO]: Health check: http://localhost:3000/health
2025-08-05 14:29:48 [INFO]: Pool de connexions SQL Server créé avec succès
2025-08-05 14:29:48 [INFO]: Connexion à la base de données établie
2025-08-05 14:29:48 [INFO]: Serveur démarré sur le port 3000
2025-08-05 14:29:48 [INFO]: Environment: development
2025-08-05 14:29:48 [INFO]: Health check: http://localhost:3000/health
2025-08-05 14:29:53 [INFO]: Pool de connexions SQL Server créé avec succès
2025-08-05 14:29:53 [INFO]: Connexion à la base de données établie
2025-08-05 14:29:53 [INFO]: Serveur démarré sur le port 3000
2025-08-05 14:29:53 [INFO]: Environment: development
2025-08-05 14:29:53 [INFO]: Health check: http://localhost:3000/health
2025-08-05 14:29:58 [INFO]: Pool de connexions SQL Server créé avec succès
2025-08-05 14:29:58 [INFO]: Connexion à la base de données établie
2025-08-05 14:29:58 [INFO]: Serveur démarré sur le port 3000
2025-08-05 14:29:58 [INFO]: Environment: development
2025-08-05 14:29:58 [INFO]: Health check: http://localhost:3000/health
2025-08-05 14:30:13 [INFO]: Pool de connexions SQL Server créé avec succès
2025-08-05 14:30:13 [INFO]: Connexion à la base de données établie
2025-08-05 14:30:13 [INFO]: Serveur démarré sur le port 3000
2025-08-05 14:30:13 [INFO]: Environment: development
2025-08-05 14:30:13 [INFO]: Health check: http://localhost:3000/health
2025-08-05 14:31:00 [INFO]: Pool de connexions SQL Server créé avec succès
2025-08-05 14:31:00 [INFO]: Connexion à la base de données établie
2025-08-05 14:31:00 [INFO]: Serveur démarré sur le port 3000
2025-08-05 14:31:00 [INFO]: Environment: development
2025-08-05 14:31:00 [INFO]: Health check: http://localhost:3000/health
2025-08-05 14:31:05 [INFO]: Pool de connexions SQL Server créé avec succès
2025-08-05 14:31:05 [INFO]: Connexion à la base de données établie
2025-08-05 14:31:05 [INFO]: Serveur démarré sur le port 3000
2025-08-05 14:31:05 [INFO]: Environment: development
2025-08-05 14:31:05 [INFO]: Health check: http://localhost:3000/health
2025-08-05 14:31:07 [INFO]: Pool de connexions SQL Server créé avec succès
2025-08-05 14:31:07 [INFO]: Connexion à la base de données établie
2025-08-05 14:31:07 [INFO]: Serveur démarré sur le port 3000
2025-08-05 14:31:07 [INFO]: Environment: development
2025-08-05 14:31:07 [INFO]: Health check: http://localhost:3000/health
2025-08-05 14:42:02 [INFO]: Pool de connexions SQL Server créé avec succès
2025-08-05 14:42:02 [INFO]: Connexion à la base de données établie
2025-08-05 14:42:02 [INFO]: Serveur démarré sur le port 3000
2025-08-05 14:42:02 [INFO]: Environment: development
2025-08-05 14:42:02 [INFO]: Health check: http://localhost:3000/health
2025-08-05 14:42:04 [INFO]: Pool de connexions SQL Server créé avec succès
2025-08-05 14:42:04 [INFO]: Connexion à la base de données établie
2025-08-05 14:42:04 [INFO]: Serveur démarré sur le port 3000
2025-08-05 14:42:04 [INFO]: Environment: development
2025-08-05 14:42:04 [INFO]: Health check: http://localhost:3000/health
2025-08-05 14:42:05 [INFO]: Pool de connexions SQL Server créé avec succès
2025-08-05 14:42:05 [INFO]: Connexion à la base de données établie
2025-08-05 14:42:05 [INFO]: Serveur démarré sur le port 3000
2025-08-05 14:42:05 [INFO]: Environment: development
2025-08-05 14:42:05 [INFO]: Health check: http://localhost:3000/health
2025-08-05 14:42:09 [INFO]: Pool de connexions SQL Server créé avec succès
2025-08-05 14:42:09 [INFO]: Connexion à la base de données établie
2025-08-05 14:42:09 [INFO]: Serveur démarré sur le port 3000
2025-08-05 14:42:09 [INFO]: Environment: development
2025-08-05 14:42:09 [INFO]: Health check: http://localhost:3000/health
2025-08-05 14:42:16 [INFO]: Pool de connexions SQL Server créé avec succès
2025-08-05 14:42:16 [INFO]: Connexion à la base de données établie
2025-08-05 14:42:16 [INFO]: Serveur démarré sur le port 3000
2025-08-05 14:42:16 [INFO]: Environment: development
2025-08-05 14:42:16 [INFO]: Health check: http://localhost:3000/health
2025-08-05 14:42:19 [INFO]: Pool de connexions SQL Server créé avec succès
2025-08-05 14:42:19 [INFO]: Connexion à la base de données établie
2025-08-05 14:42:19 [INFO]: Serveur démarré sur le port 3000
2025-08-05 14:42:19 [INFO]: Environment: development
2025-08-05 14:42:19 [INFO]: Health check: http://localhost:3000/health
2025-08-05 14:42:20 [INFO]: Pool de connexions SQL Server créé avec succès
2025-08-05 14:42:20 [INFO]: Connexion à la base de données établie
2025-08-05 14:42:20 [INFO]: Serveur démarré sur le port 3000
2025-08-05 14:42:20 [INFO]: Environment: development
2025-08-05 14:42:20 [INFO]: Health check: http://localhost:3000/health
2025-08-05 14:42:21 [INFO]: Pool de connexions SQL Server créé avec succès
2025-08-05 14:42:21 [INFO]: Connexion à la base de données établie
2025-08-05 14:42:21 [INFO]: Serveur démarré sur le port 3000
2025-08-05 14:42:21 [INFO]: Environment: development
2025-08-05 14:42:21 [INFO]: Health check: http://localhost:3000/health
2025-08-05 14:42:27 [INFO]: Pool de connexions SQL Server créé avec succès
2025-08-05 14:42:27 [INFO]: Connexion à la base de données établie
2025-08-05 14:42:27 [INFO]: Serveur démarré sur le port 3000
2025-08-05 14:42:27 [INFO]: Environment: development
2025-08-05 14:42:27 [INFO]: Health check: http://localhost:3000/health
2025-08-05 14:43:02 [INFO]: Pool de connexions SQL Server créé avec succès
2025-08-05 14:43:02 [INFO]: Connexion à la base de données établie
2025-08-05 14:43:02 [INFO]: Serveur démarré sur le port 3000
2025-08-05 14:43:02 [INFO]: Environment: development
2025-08-05 14:43:02 [INFO]: Health check: http://localhost:3000/health
2025-08-05 14:43:05 [INFO]: Pool de connexions SQL Server créé avec succès
2025-08-05 14:43:05 [INFO]: Connexion à la base de données établie
2025-08-05 14:43:05 [INFO]: Serveur démarré sur le port 3000
2025-08-05 14:43:05 [INFO]: Environment: development
2025-08-05 14:43:05 [INFO]: Health check: http://localhost:3000/health
2025-08-05 14:43:09 [INFO]: Pool de connexions SQL Server créé avec succès
2025-08-05 14:43:09 [INFO]: Connexion à la base de données établie
2025-08-05 14:43:09 [INFO]: Serveur démarré sur le port 3000
2025-08-05 14:43:09 [INFO]: Environment: development
2025-08-05 14:43:09 [INFO]: Health check: http://localhost:3000/health
2025-08-05 14:43:24 [INFO]: Pool de connexions SQL Server créé avec succès
2025-08-05 14:43:24 [INFO]: Connexion à la base de données établie
2025-08-05 14:43:24 [INFO]: Serveur démarré sur le port 3000
2025-08-05 14:43:24 [INFO]: Environment: development
2025-08-05 14:43:24 [INFO]: Health check: http://localhost:3000/health
2025-08-05 14:43:41 [INFO]: Pool de connexions SQL Server créé avec succès
2025-08-05 14:43:41 [INFO]: Connexion à la base de données établie
2025-08-05 14:43:41 [INFO]: Serveur démarré sur le port 3000
2025-08-05 14:43:41 [INFO]: Environment: development
2025-08-05 14:43:41 [INFO]: Health check: http://localhost:3000/health
2025-08-05 14:43:45 [INFO]: Pool de connexions SQL Server créé avec succès
2025-08-05 14:43:45 [INFO]: Connexion à la base de données établie
2025-08-05 14:43:45 [INFO]: Serveur démarré sur le port 3000
2025-08-05 14:43:45 [INFO]: Environment: development
2025-08-05 14:43:45 [INFO]: Health check: http://localhost:3000/health
2025-08-05 14:44:08 [INFO]: Pool de connexions SQL Server créé avec succès
2025-08-05 14:44:08 [INFO]: Connexion à la base de données établie
2025-08-05 14:44:08 [INFO]: Serveur démarré sur le port 3000
2025-08-05 14:44:08 [INFO]: Environment: development
2025-08-05 14:44:08 [INFO]: Health check: http://localhost:3000/health
2025-08-05 14:44:10 [INFO]: Pool de connexions SQL Server créé avec succès
2025-08-05 14:44:10 [INFO]: Connexion à la base de données établie
2025-08-05 14:44:10 [INFO]: Serveur démarré sur le port 3000
2025-08-05 14:44:10 [INFO]: Environment: development
2025-08-05 14:44:10 [INFO]: Health check: http://localhost:3000/health
2025-08-05 14:44:12 [INFO]: Pool de connexions SQL Server créé avec succès
2025-08-05 14:44:12 [INFO]: Connexion à la base de données établie
2025-08-05 14:44:12 [INFO]: Serveur démarré sur le port 3000
2025-08-05 14:44:12 [INFO]: Environment: development
2025-08-05 14:44:12 [INFO]: Health check: http://localhost:3000/health
2025-08-05 14:44:13 [INFO]: Pool de connexions SQL Server créé avec succès
2025-08-05 14:44:13 [INFO]: Connexion à la base de données établie
2025-08-05 14:44:13 [INFO]: Serveur démarré sur le port 3000
2025-08-05 14:44:13 [INFO]: Environment: development
2025-08-05 14:44:13 [INFO]: Health check: http://localhost:3000/health
2025-08-05 14:44:24 [INFO]: Pool de connexions SQL Server créé avec succès
2025-08-05 14:44:24 [INFO]: Connexion à la base de données établie
2025-08-05 14:44:24 [INFO]: Serveur démarré sur le port 3000
2025-08-05 14:44:24 [INFO]: Environment: development
2025-08-05 14:44:24 [INFO]: Health check: http://localhost:3000/health
2025-08-05 14:44:51 [INFO]: Pool de connexions SQL Server créé avec succès
2025-08-05 14:44:51 [INFO]: Connexion à la base de données établie
2025-08-05 14:44:51 [INFO]: Serveur démarré sur le port 3000
2025-08-05 14:44:51 [INFO]: Environment: development
2025-08-05 14:44:51 [INFO]: Health check: http://localhost:3000/health
2025-08-05 14:44:53 [INFO]: Pool de connexions SQL Server créé avec succès
2025-08-05 14:44:53 [INFO]: Connexion à la base de données établie
2025-08-05 14:44:53 [INFO]: Serveur démarré sur le port 3000
2025-08-05 14:44:53 [INFO]: Environment: development
2025-08-05 14:44:53 [INFO]: Health check: http://localhost:3000/health
2025-08-05 14:44:56 [INFO]: Pool de connexions SQL Server créé avec succès
2025-08-05 14:44:56 [INFO]: Connexion à la base de données établie
2025-08-05 14:44:56 [INFO]: Serveur démarré sur le port 3000
2025-08-05 14:44:56 [INFO]: Environment: development
2025-08-05 14:44:56 [INFO]: Health check: http://localhost:3000/health
2025-08-05 14:44:59 [INFO]: Pool de connexions SQL Server créé avec succès
2025-08-05 14:44:59 [INFO]: Connexion à la base de données établie
2025-08-05 14:44:59 [INFO]: Serveur démarré sur le port 3000
2025-08-05 14:44:59 [INFO]: Environment: development
2025-08-05 14:44:59 [INFO]: Health check: http://localhost:3000/health
2025-08-05 14:45:05 [INFO]: Pool de connexions SQL Server créé avec succès
2025-08-05 14:45:05 [INFO]: Connexion à la base de données établie
2025-08-05 14:45:05 [INFO]: Serveur démarré sur le port 3000
2025-08-05 14:45:05 [INFO]: Environment: development
2025-08-05 14:45:05 [INFO]: Health check: http://localhost:3000/health
2025-08-05 14:45:08 [INFO]: Pool de connexions SQL Server créé avec succès
2025-08-05 14:45:08 [INFO]: Connexion à la base de données établie
2025-08-05 14:45:08 [INFO]: Serveur démarré sur le port 3000
2025-08-05 14:45:08 [INFO]: Environment: development
2025-08-05 14:45:08 [INFO]: Health check: http://localhost:3000/health
2025-08-05 14:50:47 [INFO]: Pool de connexions SQL Server créé avec succès
2025-08-05 14:50:47 [INFO]: Connexion à la base de données établie
2025-08-05 14:50:47 [INFO]: Serveur démarré sur le port 3000
2025-08-05 14:50:47 [INFO]: Environment: development
2025-08-05 14:50:47 [INFO]: Health check: http://localhost:3000/health
2025-08-05 14:51:16 [INFO]: Pool de connexions SQL Server créé avec succès
2025-08-05 14:51:16 [INFO]: Connexion à la base de données établie
2025-08-05 14:51:16 [INFO]: Serveur démarré sur le port 3000
2025-08-05 14:51:16 [INFO]: Environment: development
2025-08-05 14:51:16 [INFO]: Health check: http://localhost:3000/health
2025-08-05 14:51:19 [INFO]: Pool de connexions SQL Server créé avec succès
2025-08-05 14:51:19 [INFO]: Connexion à la base de données établie
2025-08-05 14:51:19 [INFO]: Serveur démarré sur le port 3000
2025-08-05 14:51:19 [INFO]: Environment: development
2025-08-05 14:51:19 [INFO]: Health check: http://localhost:3000/health
2025-08-05 14:52:06 [INFO]: Pool de connexions SQL Server créé avec succès
2025-08-05 14:52:06 [INFO]: Connexion à la base de données établie
2025-08-05 14:52:06 [INFO]: Serveur démarré sur le port 3000
2025-08-05 14:52:06 [INFO]: Environment: development
2025-08-05 14:52:06 [INFO]: Health check: http://localhost:3000/health
2025-08-05 14:52:44 [INFO]: Pool de connexions SQL Server créé avec succès
2025-08-05 14:52:44 [INFO]: Connexion à la base de données établie
2025-08-05 14:52:44 [INFO]: Serveur démarré sur le port 3000
2025-08-05 14:52:44 [INFO]: Environment: development
2025-08-05 14:52:44 [INFO]: Health check: http://localhost:3000/health
2025-08-05 14:52:50 [INFO]: Pool de connexions SQL Server créé avec succès
2025-08-05 14:52:50 [INFO]: Connexion à la base de données établie
2025-08-05 14:52:50 [INFO]: Serveur démarré sur le port 3000
2025-08-05 14:52:50 [INFO]: Environment: development
2025-08-05 14:52:50 [INFO]: Health check: http://localhost:3000/health
2025-08-05 14:52:58 [INFO]: Pool de connexions SQL Server créé avec succès
2025-08-05 14:52:58 [INFO]: Connexion à la base de données établie
2025-08-05 14:52:58 [INFO]: Serveur démarré sur le port 3000
2025-08-05 14:52:58 [INFO]: Environment: development
2025-08-05 14:52:58 [INFO]: Health check: http://localhost:3000/health
2025-08-05 14:53:02 [INFO]: Pool de connexions SQL Server créé avec succès
2025-08-05 14:53:02 [INFO]: Connexion à la base de données établie
2025-08-05 14:53:02 [INFO]: Serveur démarré sur le port 3000
2025-08-05 14:53:02 [INFO]: Environment: development
2025-08-05 14:53:02 [INFO]: Health check: http://localhost:3000/health
2025-08-05 16:36:33 [INFO]: GET /api/users - ::1
2025-08-05 16:36:33 [INFO]: Controller: Requête GET /users
2025-08-05 16:36:33 [INFO]: Service: Récupération de tous les utilisateurs
2025-08-05 16:36:34 [INFO]: 13412 utilisateurs récupérés
2025-08-05 16:36:36 [INFO]: Pool de connexions SQL Server créé avec succès
2025-08-05 16:36:36 [INFO]: Connexion à la base de données établie
2025-08-05 16:36:36 [INFO]: Serveur démarré sur le port 3000
2025-08-05 16:36:36 [INFO]: Environment: development
2025-08-05 16:36:36 [INFO]: Health check: http://localhost:3000/health
2025-08-05 16:36:37 [INFO]: Pool de connexions SQL Server créé avec succès
2025-08-05 16:36:37 [INFO]: Connexion à la base de données établie
2025-08-05 16:36:37 [INFO]: Serveur démarré sur le port 3000
2025-08-05 16:36:37 [INFO]: Environment: development
2025-08-05 16:36:37 [INFO]: Health check: http://localhost:3000/health
2025-08-05 16:36:45 [INFO]: GET /api/users - ::1
2025-08-05 16:36:45 [INFO]: Controller: Requête GET /users
2025-08-05 16:36:45 [INFO]: Service: Récupération de tous les utilisateurs
2025-08-05 16:36:45 [INFO]: 13412 utilisateurs récupérés
2025-08-05 17:16:21 [INFO]: GET /api/users - ::1
2025-08-05 17:16:21 [INFO]: Controller: Requête GET /users
2025-08-05 17:16:21 [INFO]: Service: Récupération de tous les utilisateurs
2025-08-05 17:16:21 [INFO]: 13412 utilisateurs récupérés
