2025-08-06 09:39:38 [INFO]: Pool de connexions SQL Server créé avec succès
2025-08-06 09:39:38 [INFO]: Connexion à la base de données établie
2025-08-06 09:39:38 [INFO]: Serveur démarré sur le port 3000
2025-08-06 09:39:38 [INFO]: Environment: development
2025-08-06 09:39:38 [INFO]: Health check: http://localhost:3000/health
2025-08-06 10:21:25 [INFO]: GET /api/getAllMissionsDashboard - ::1
2025-08-06 10:21:25 [WARN]: Route non trouvée: GET /api/getAllMissionsDashboard - ::1
2025-08-06 10:21:46 [INFO]: Pool de connexions SQL Server créé avec succès
2025-08-06 10:21:46 [INFO]: Connexion à la base de données établie
2025-08-06 10:21:46 [INFO]: Serveur démarré sur le port 3000
2025-08-06 10:21:46 [INFO]: Environment: development
2025-08-06 10:21:46 [INFO]: Health check: http://localhost:3000/health
2025-08-06 10:21:51 [INFO]: GET /api/getAllMissionsDashboard - ::1
2025-08-06 10:21:51 [WARN]: Route non trouvée: GET /api/getAllMissionsDashboard - ::1
2025-08-06 10:22:01 [INFO]: GET /api/users - ::1
2025-08-06 10:22:01 [INFO]: Controller: Requête GET /users
2025-08-06 10:22:01 [INFO]: Service: Récupération de tous les utilisateurs
2025-08-06 10:22:01 [INFO]: 13412 utilisateurs récupérés
2025-08-06 10:22:03 [INFO]: Pool de connexions SQL Server créé avec succès
2025-08-06 10:22:03 [INFO]: Connexion à la base de données établie
2025-08-06 10:22:03 [INFO]: Serveur démarré sur le port 3000
2025-08-06 10:22:03 [INFO]: Environment: development
2025-08-06 10:22:03 [INFO]: Health check: http://localhost:3000/health
2025-08-06 10:22:09 [INFO]: GET /api/users - ::1
2025-08-06 10:22:09 [INFO]: Controller: Requête GET /users
2025-08-06 10:22:09 [INFO]: Service: Récupération de tous les utilisateurs
2025-08-06 10:22:09 [INFO]: 13412 utilisateurs récupérés
2025-08-06 10:22:21 [INFO]: GET /api/getAllMissionsDashboard - ::1
2025-08-06 10:22:21 [WARN]: Route non trouvée: GET /api/getAllMissionsDashboard - ::1
2025-08-06 10:23:58 [INFO]: Pool de connexions SQL Server créé avec succès
2025-08-06 10:23:58 [INFO]: Connexion à la base de données établie
2025-08-06 10:23:58 [INFO]: Serveur démarré sur le port 3000
2025-08-06 10:23:58 [INFO]: Environment: development
2025-08-06 10:23:58 [INFO]: Health check: http://localhost:3000/health
2025-08-06 10:24:11 [INFO]: GET /api/getAllMissionsDashboard - ::1
2025-08-06 10:24:11 [WARN]: Route non trouvée: GET /api/getAllMissionsDashboard - ::1
2025-08-06 10:24:20 [INFO]: GET /api/missions/getAllMissionsDashboard - ::1
2025-08-06 10:24:20 [INFO]: Controller: Requête GET /getAllMissionsDashboard
2025-08-06 10:24:20 [INFO]: Service: Récupération de toutes les missions pour le tableau de bord
2025-08-06 10:24:20 [ERROR]: Erreur lors de la récupération des missions: Incorrect syntax near the keyword 'AS'.
RequestError: Incorrect syntax near the keyword 'AS'.
    at handleError (C:\Users\alexandre.poinot\OneDrive - Grant Thornton France\Bureau\api-nodejs\node_modules\mssql\lib\tedious\request.js:384:15)
    at Connection.emit (node:events:518:28)
    at Connection.emit (C:\Users\alexandre.poinot\OneDrive - Grant Thornton France\Bureau\api-nodejs\node_modules\tedious\lib\connection.js:970:18)
    at RequestTokenHandler.onErrorMessage (C:\Users\alexandre.poinot\OneDrive - Grant Thornton France\Bureau\api-nodejs\node_modules\tedious\lib\token\handler.js:284:21)
    at Readable.<anonymous> (C:\Users\alexandre.poinot\OneDrive - Grant Thornton France\Bureau\api-nodejs\node_modules\tedious\lib\token\token-stream-parser.js:19:33)
    at Readable.emit (node:events:518:28)
    at addChunk (node:internal/streams/readable:561:12)
    at readableAddChunkPushObjectMode (node:internal/streams/readable:538:3)
    at Readable.push (node:internal/streams/readable:393:5)
    at nextAsync (node:internal/streams/from:194:22)
2025-08-06 10:24:20 [ERROR]: Service: Erreur lors de la récupération des missions pour le tableau de bord: Incorrect syntax near the keyword 'AS'.
RequestError: Incorrect syntax near the keyword 'AS'.
    at handleError (C:\Users\alexandre.poinot\OneDrive - Grant Thornton France\Bureau\api-nodejs\node_modules\mssql\lib\tedious\request.js:384:15)
    at Connection.emit (node:events:518:28)
    at Connection.emit (C:\Users\alexandre.poinot\OneDrive - Grant Thornton France\Bureau\api-nodejs\node_modules\tedious\lib\connection.js:970:18)
    at RequestTokenHandler.onErrorMessage (C:\Users\alexandre.poinot\OneDrive - Grant Thornton France\Bureau\api-nodejs\node_modules\tedious\lib\token\handler.js:284:21)
    at Readable.<anonymous> (C:\Users\alexandre.poinot\OneDrive - Grant Thornton France\Bureau\api-nodejs\node_modules\tedious\lib\token\token-stream-parser.js:19:33)
    at Readable.emit (node:events:518:28)
    at addChunk (node:internal/streams/readable:561:12)
    at readableAddChunkPushObjectMode (node:internal/streams/readable:538:3)
    at Readable.push (node:internal/streams/readable:393:5)
    at nextAsync (node:internal/streams/from:194:22)
2025-08-06 10:24:20 [ERROR]: Erreur: Erreur lors de la récupération des missions pour le tableau de bord
2025-08-06 10:26:56 [INFO]: GET /api/missions/getAllMissionsDashboard - ::1
2025-08-06 10:26:56 [INFO]: Controller: Requête GET /getAllMissionsDashboard
2025-08-06 10:26:56 [INFO]: Service: Récupération de toutes les missions pour le tableau de bord
2025-08-06 10:26:57 [ERROR]: Erreur lors de la récupération des missions: Incorrect syntax near the keyword 'AS'.
RequestError: Incorrect syntax near the keyword 'AS'.
    at handleError (C:\Users\alexandre.poinot\OneDrive - Grant Thornton France\Bureau\api-nodejs\node_modules\mssql\lib\tedious\request.js:384:15)
    at Connection.emit (node:events:518:28)
    at Connection.emit (C:\Users\alexandre.poinot\OneDrive - Grant Thornton France\Bureau\api-nodejs\node_modules\tedious\lib\connection.js:970:18)
    at RequestTokenHandler.onErrorMessage (C:\Users\alexandre.poinot\OneDrive - Grant Thornton France\Bureau\api-nodejs\node_modules\tedious\lib\token\handler.js:284:21)
    at Readable.<anonymous> (C:\Users\alexandre.poinot\OneDrive - Grant Thornton France\Bureau\api-nodejs\node_modules\tedious\lib\token\token-stream-parser.js:19:33)
    at Readable.emit (node:events:518:28)
    at addChunk (node:internal/streams/readable:561:12)
    at readableAddChunkPushObjectMode (node:internal/streams/readable:538:3)
    at Readable.push (node:internal/streams/readable:393:5)
    at nextAsync (node:internal/streams/from:194:22)
2025-08-06 10:26:57 [ERROR]: Service: Erreur lors de la récupération des missions pour le tableau de bord: Incorrect syntax near the keyword 'AS'.
RequestError: Incorrect syntax near the keyword 'AS'.
    at handleError (C:\Users\alexandre.poinot\OneDrive - Grant Thornton France\Bureau\api-nodejs\node_modules\mssql\lib\tedious\request.js:384:15)
    at Connection.emit (node:events:518:28)
    at Connection.emit (C:\Users\alexandre.poinot\OneDrive - Grant Thornton France\Bureau\api-nodejs\node_modules\tedious\lib\connection.js:970:18)
    at RequestTokenHandler.onErrorMessage (C:\Users\alexandre.poinot\OneDrive - Grant Thornton France\Bureau\api-nodejs\node_modules\tedious\lib\token\handler.js:284:21)
    at Readable.<anonymous> (C:\Users\alexandre.poinot\OneDrive - Grant Thornton France\Bureau\api-nodejs\node_modules\tedious\lib\token\token-stream-parser.js:19:33)
    at Readable.emit (node:events:518:28)
    at addChunk (node:internal/streams/readable:561:12)
    at readableAddChunkPushObjectMode (node:internal/streams/readable:538:3)
    at Readable.push (node:internal/streams/readable:393:5)
    at nextAsync (node:internal/streams/from:194:22)
2025-08-06 10:26:57 [ERROR]: Erreur: Erreur lors de la récupération des missions pour le tableau de bord
2025-08-06 10:31:18 [INFO]: Pool de connexions SQL Server créé avec succès
2025-08-06 10:31:18 [INFO]: Connexion à la base de données établie
2025-08-06 10:31:18 [INFO]: Serveur démarré sur le port 3000
2025-08-06 10:31:18 [INFO]: Environment: development
2025-08-06 10:31:18 [INFO]: Health check: http://localhost:3000/health
2025-08-06 10:31:20 [INFO]: Pool de connexions SQL Server créé avec succès
2025-08-06 10:31:20 [INFO]: Connexion à la base de données établie
2025-08-06 10:31:20 [INFO]: Serveur démarré sur le port 3000
2025-08-06 10:31:20 [INFO]: Environment: development
2025-08-06 10:31:20 [INFO]: Health check: http://localhost:3000/health
2025-08-06 10:31:23 [INFO]: GET /api/missions/getAllMissionsDashboard - ::1
2025-08-06 10:31:23 [INFO]: Controller: Requête GET /getAllMissionsDashboard
2025-08-06 10:31:23 [INFO]: Service: Récupération de toutes les missions pour le tableau de bord
2025-08-06 10:31:24 [INFO]: 174 missions récupérées
2025-08-06 10:35:26 [INFO]: Pool de connexions SQL Server créé avec succès
2025-08-06 10:35:26 [INFO]: Connexion à la base de données établie
2025-08-06 10:35:26 [INFO]: Serveur démarré sur le port 3000
2025-08-06 10:35:26 [INFO]: Environment: development
2025-08-06 10:35:26 [INFO]: Health check: http://localhost:3000/health
2025-08-06 10:35:46 [INFO]: Pool de connexions SQL Server créé avec succès
2025-08-06 10:35:46 [INFO]: Connexion à la base de données établie
2025-08-06 10:35:46 [INFO]: Serveur démarré sur le port 3000
2025-08-06 10:35:46 [INFO]: Environment: development
2025-08-06 10:35:46 [INFO]: Health check: http://localhost:3000/health
2025-08-06 10:36:03 [INFO]: Pool de connexions SQL Server créé avec succès
2025-08-06 10:36:03 [INFO]: Connexion à la base de données établie
2025-08-06 10:36:03 [INFO]: Serveur démarré sur le port 3000
2025-08-06 10:36:03 [INFO]: Environment: development
2025-08-06 10:36:03 [INFO]: Health check: http://localhost:3000/health
2025-08-06 10:36:08 [INFO]: GET /api/missions/getAllMissionsDashboard - ::1
2025-08-06 10:36:08 [INFO]: Controller: Requête GET /getAllMissionsDashboard
2025-08-06 10:36:08 [INFO]: Service: Récupération de toutes les missions pour le tableau de bord
2025-08-06 10:36:08 [INFO]: 174 missions récupérées
2025-08-06 10:38:18 [INFO]: Pool de connexions SQL Server créé avec succès
2025-08-06 10:38:18 [INFO]: Connexion à la base de données établie
2025-08-06 10:38:18 [INFO]: Serveur démarré sur le port 3000
2025-08-06 10:38:18 [INFO]: Environment: development
2025-08-06 10:38:18 [INFO]: Health check: http://localhost:3000/health
2025-08-06 10:38:27 [INFO]: GET /api/missions/getAllMissionsDashboard - ::1
2025-08-06 10:38:27 [INFO]: Controller: Requête GET /getAllMissionsDashboard
2025-08-06 10:38:27 [INFO]: Service: Récupération de toutes les missions pour le tableau de bord
2025-08-06 10:38:27 [INFO]: 174 missions récupérées
2025-08-06 10:39:01 [INFO]: Pool de connexions SQL Server créé avec succès
2025-08-06 10:39:01 [INFO]: Connexion à la base de données établie
2025-08-06 10:39:01 [INFO]: Serveur démarré sur le port 3000
2025-08-06 10:39:01 [INFO]: Environment: development
2025-08-06 10:39:01 [INFO]: Health check: http://localhost:3000/health
2025-08-06 11:02:02 [INFO]: GET /api/missions/getAllMissionsDashboard - ::1
2025-08-06 11:02:02 [INFO]: Controller: Requête GET /getAllMissionsDashboard
2025-08-06 11:02:02 [INFO]: Service: Récupération de toutes les missions pour le tableau de bord
2025-08-06 11:02:03 [INFO]: 174 missions récupérées
2025-08-06 11:03:09 [INFO]: GET /api/missions/getAllMissionsDashboard - ::1
2025-08-06 11:03:09 [INFO]: Controller: Requête GET /getAllMissionsDashboard
2025-08-06 11:03:09 [INFO]: Service: Récupération de toutes les missions pour le tableau de bord
2025-08-06 11:03:10 [INFO]: 174 missions récupérées
2025-08-06 11:06:33 [INFO]: GET /api/missions/getAllMissionsDashboard - ::1
2025-08-06 11:06:33 [INFO]: Controller: Requête GET /getAllMissionsDashboard
2025-08-06 11:06:33 [INFO]: Service: Récupération de toutes les missions pour le tableau de bord
2025-08-06 11:06:34 [INFO]: 174 missions récupérées
2025-08-06 11:07:10 [INFO]: GET /api/missions/getAllMissionsDashboard - ::1
2025-08-06 11:07:10 [INFO]: Controller: Requête GET /getAllMissionsDashboard
2025-08-06 11:07:10 [INFO]: Service: Récupération de toutes les missions pour le tableau de bord
2025-08-06 11:07:11 [INFO]: 174 missions récupérées
2025-08-06 11:11:42 [INFO]: GET /api/missions/getAllMissionsDashboard - ::1
2025-08-06 11:11:42 [INFO]: Controller: Requête GET /getAllMissionsDashboard
2025-08-06 11:11:42 [INFO]: Service: Récupération de toutes les missions pour le tableau de bord
2025-08-06 11:11:42 [INFO]: 174 missions récupérées
2025-08-06 11:14:18 [INFO]: Pool de connexions SQL Server créé avec succès
2025-08-06 11:14:18 [INFO]: Connexion à la base de données établie
2025-08-06 11:14:18 [INFO]: Serveur démarré sur le port 3000
2025-08-06 11:14:18 [INFO]: Environment: development
2025-08-06 11:14:18 [INFO]: Health check: http://localhost:3000/health
2025-08-06 11:14:19 [INFO]: Pool de connexions SQL Server créé avec succès
2025-08-06 11:14:19 [INFO]: Connexion à la base de données établie
2025-08-06 11:14:19 [INFO]: Serveur démarré sur le port 3000
2025-08-06 11:14:19 [INFO]: Environment: development
2025-08-06 11:14:19 [INFO]: Health check: http://localhost:3000/health
2025-08-06 11:14:31 [INFO]: Pool de connexions SQL Server créé avec succès
2025-08-06 11:14:31 [INFO]: Connexion à la base de données établie
2025-08-06 11:14:31 [INFO]: Serveur démarré sur le port 3000
2025-08-06 11:14:31 [INFO]: Environment: development
2025-08-06 11:14:31 [INFO]: Health check: http://localhost:3000/health
2025-08-06 11:14:35 [INFO]: GET /api/missions/getAllMissionsDashboard - ::1
2025-08-06 11:14:35 [INFO]: Controller: Requête GET /getAllMissionsDashboard
2025-08-06 11:14:35 [INFO]: Service: Récupération de toutes les missions pour le tableau de bord
2025-08-06 11:14:35 [INFO]: 174 missions récupérées
2025-08-06 16:00:06 [INFO]: GET /api/missions/getAllMissionsDashboard - ::1
2025-08-06 16:00:06 [INFO]: Controller: Requête GET /getAllMissionsDashboard
2025-08-06 16:00:06 [INFO]: Service: Récupération de toutes les missions pour le tableau de bord
2025-08-06 16:00:07 [INFO]: 174 missions récupérées
2025-08-06 16:07:13 [INFO]: GET /api/missions/getAllMissionsDashboard - ::1
2025-08-06 16:07:13 [INFO]: Controller: Requête GET /getAllMissionsDashboard
2025-08-06 16:07:13 [INFO]: Service: Récupération de toutes les missions pour le tableau de bord
2025-08-06 16:07:14 [INFO]: 174 missions récupérées
2025-08-06 16:20:34 [INFO]: GET /api/missions/getAllMissionsDashboard - ::1
2025-08-06 16:20:34 [INFO]: Controller: Requête GET /getAllMissionsDashboard
2025-08-06 16:20:34 [INFO]: Service: Récupération de toutes les missions pour le tableau de bord
2025-08-06 16:20:35 [INFO]: 174 missions récupérées
2025-08-06 16:25:33 [INFO]: GET /api/missions/getAllMissionsDashboard - ::1
2025-08-06 16:25:33 [INFO]: Controller: Requête GET /getAllMissionsDashboard
2025-08-06 16:25:33 [INFO]: Service: Récupération de toutes les missions pour le tableau de bord
2025-08-06 16:25:33 [INFO]: 174 missions récupérées
2025-08-06 16:28:00 [INFO]: GET /api/missions/getAllMissionsDashboard - ::1
2025-08-06 16:28:00 [INFO]: Controller: Requête GET /getAllMissionsDashboard
2025-08-06 16:28:00 [INFO]: Service: Récupération de toutes les missions pour le tableau de bord
2025-08-06 16:28:00 [INFO]: 174 missions récupérées
2025-08-06 16:33:04 [INFO]: GET /api/missions/getAllMissionsDashboard - ::1
2025-08-06 16:33:04 [INFO]: Controller: Requête GET /getAllMissionsDashboard
2025-08-06 16:33:04 [INFO]: Service: Récupération de toutes les missions pour le tableau de bord
2025-08-06 16:33:05 [INFO]: 174 missions récupérées
2025-08-06 16:33:39 [INFO]: GET /api/missions/getAllMissionsDashboard - ::1
2025-08-06 16:33:39 [INFO]: Controller: Requête GET /getAllMissionsDashboard
2025-08-06 16:33:39 [INFO]: Service: Récupération de toutes les missions pour le tableau de bord
2025-08-06 16:33:39 [INFO]: 174 missions récupérées
2025-08-06 16:34:03 [INFO]: GET /api/missions/getAllMissionsDashboard - ::1
2025-08-06 16:34:03 [INFO]: Controller: Requête GET /getAllMissionsDashboard
2025-08-06 16:34:03 [INFO]: Service: Récupération de toutes les missions pour le tableau de bord
2025-08-06 16:34:03 [INFO]: 174 missions récupérées
2025-08-06 16:43:52 [INFO]: GET /api/missions/getAllMissionsDashboard - ::1
2025-08-06 16:43:52 [INFO]: Controller: Requête GET /getAllMissionsDashboard
2025-08-06 16:43:52 [INFO]: Service: Récupération de toutes les missions pour le tableau de bord
2025-08-06 16:43:52 [INFO]: 174 missions récupérées
2025-08-06 16:54:59 [INFO]: GET /api/missions/getAllMissionsDashboard - ::1
2025-08-06 16:54:59 [INFO]: Controller: Requête GET /getAllMissionsDashboard
2025-08-06 16:54:59 [INFO]: Service: Récupération de toutes les missions pour le tableau de bord
2025-08-06 16:54:59 [INFO]: 174 missions récupérées
2025-08-06 16:56:44 [INFO]: GET /api/missions/getAllMissionsDashboard - ::1
2025-08-06 16:56:44 [INFO]: Controller: Requête GET /getAllMissionsDashboard
2025-08-06 16:56:44 [INFO]: Service: Récupération de toutes les missions pour le tableau de bord
2025-08-06 16:56:44 [INFO]: 174 missions récupérées
2025-08-06 16:58:15 [INFO]: GET /api/missions/getAllMissionsDashboard - ::1
2025-08-06 16:58:15 [INFO]: Controller: Requête GET /getAllMissionsDashboard
2025-08-06 16:58:15 [INFO]: Service: Récupération de toutes les missions pour le tableau de bord
2025-08-06 16:58:15 [INFO]: 174 missions récupérées
2025-08-06 17:01:15 [INFO]: GET /api/missions/getAllMissionsDashboard - ::1
2025-08-06 17:01:15 [INFO]: Controller: Requête GET /getAllMissionsDashboard
2025-08-06 17:01:15 [INFO]: Service: Récupération de toutes les missions pour le tableau de bord
2025-08-06 17:01:15 [INFO]: 174 missions récupérées
2025-08-06 17:03:07 [INFO]: GET /api/missions/getAllMissionsDashboard - ::1
2025-08-06 17:03:07 [INFO]: Controller: Requête GET /getAllMissionsDashboard
2025-08-06 17:03:07 [INFO]: Service: Récupération de toutes les missions pour le tableau de bord
2025-08-06 17:03:07 [INFO]: 174 missions récupérées
2025-08-06 17:11:12 [INFO]: GET /api/missions/getAllMissionsDashboard - ::1
2025-08-06 17:11:12 [INFO]: Controller: Requête GET /getAllMissionsDashboard
2025-08-06 17:11:12 [INFO]: Service: Récupération de toutes les missions pour le tableau de bord
2025-08-06 17:11:12 [INFO]: 174 missions récupérées
2025-08-06 17:13:08 [INFO]: GET /api/missions/getAllMissionsDashboard - ::1
2025-08-06 17:13:08 [INFO]: Controller: Requête GET /getAllMissionsDashboard
2025-08-06 17:13:08 [INFO]: Service: Récupération de toutes les missions pour le tableau de bord
2025-08-06 17:13:08 [INFO]: 174 missions récupérées
