2025-08-07 09:51:14 [INFO]: GET /api/missions/getAllMissionsDashboard - ::1
2025-08-07 09:51:14 [INFO]: Controller: Requête GET /getAllMissionsDashboard
2025-08-07 09:51:14 [INFO]: Service: Récupération de toutes les missions pour le tableau de bord
2025-08-07 09:51:14 [INFO]: 174 missions récupérées
2025-08-07 10:07:55 [INFO]: GET /api/missions/getAllMissionsDashboard - ::1
2025-08-07 10:07:55 [INFO]: Controller: Requête GET /getAllMissionsDashboard
2025-08-07 10:07:55 [INFO]: Service: Récupération de toutes les missions pour le tableau de bord
2025-08-07 10:07:56 [INFO]: 174 missions récupérées
2025-08-07 10:15:42 [INFO]: GET /api/missions/getAllMissionsDashboard - ::1
2025-08-07 10:15:42 [INFO]: Controller: Requête GET /getAllMissionsDashboard
2025-08-07 10:15:42 [INFO]: Service: Récupération de toutes les missions pour le tableau de bord
2025-08-07 10:15:42 [INFO]: 174 missions récupérées
2025-08-07 10:18:35 [INFO]: GET /api/missions/getAllMissionsDashboard - ::1
2025-08-07 10:18:35 [INFO]: Controller: Requête GET /getAllMissionsDashboard
2025-08-07 10:18:35 [INFO]: Service: Récupération de toutes les missions pour le tableau de bord
2025-08-07 10:18:35 [INFO]: 174 missions récupérées
2025-08-07 10:28:27 [INFO]: GET /api/missions/getAllMissionsDashboard - ::1
2025-08-07 10:28:27 [INFO]: Controller: Requête GET /getAllMissionsDashboard
2025-08-07 10:28:27 [INFO]: Service: Récupération de toutes les missions pour le tableau de bord
2025-08-07 10:28:27 [INFO]: 174 missions récupérées
2025-08-07 10:30:58 [INFO]: GET /api/missions/getAllMissionsDashboard - ::1
2025-08-07 10:30:58 [INFO]: Controller: Requête GET /getAllMissionsDashboard
2025-08-07 10:30:58 [INFO]: Service: Récupération de toutes les missions pour le tableau de bord
2025-08-07 10:30:58 [INFO]: 174 missions récupérées
2025-08-07 10:31:08 [INFO]: GET /api/missions/getAllMissionsDashboard - ::1
2025-08-07 10:31:08 [INFO]: Controller: Requête GET /getAllMissionsDashboard
2025-08-07 10:31:08 [INFO]: Service: Récupération de toutes les missions pour le tableau de bord
2025-08-07 10:31:08 [INFO]: 174 missions récupérées
2025-08-07 10:59:23 [INFO]: GET /api/missions/getAllMissionsDashboard - ::1
2025-08-07 10:59:23 [INFO]: Controller: Requête GET /getAllMissionsDashboard
2025-08-07 10:59:23 [INFO]: Service: Récupération de toutes les missions pour le tableau de bord
2025-08-07 10:59:24 [INFO]: 174 missions récupérées
2025-08-07 13:33:39 [INFO]: GET /api/missions/getAllMissionsDashboard - ::1
2025-08-07 13:33:39 [INFO]: Controller: Requête GET /getAllMissionsDashboard
2025-08-07 13:33:39 [INFO]: Service: Récupération de toutes les missions pour le tableau de bord
2025-08-07 13:33:39 [INFO]: 174 missions récupérées
2025-08-07 13:33:42 [INFO]: GET /api/missions/getAllMissionsDashboard - ::1
2025-08-07 13:33:42 [INFO]: Controller: Requête GET /getAllMissionsDashboard
2025-08-07 13:33:42 [INFO]: Service: Récupération de toutes les missions pour le tableau de bord
2025-08-07 13:33:42 [INFO]: 174 missions récupérées
2025-08-07 13:35:50 [INFO]: GET /api/missions/getAllMissionsDashboard - ::1
2025-08-07 13:35:50 [INFO]: Controller: Requête GET /getAllMissionsDashboard
2025-08-07 13:35:50 [INFO]: Service: Récupération de toutes les missions pour le tableau de bord
2025-08-07 13:35:50 [INFO]: 174 missions récupérées
2025-08-07 13:35:57 [INFO]: GET /api/missions/getAllMissionsDashboard - ::1
2025-08-07 13:35:57 [INFO]: Controller: Requête GET /getAllMissionsDashboard
2025-08-07 13:35:57 [INFO]: Service: Récupération de toutes les missions pour le tableau de bord
2025-08-07 13:35:57 [INFO]: 174 missions récupérées
2025-08-07 13:36:21 [INFO]: GET /api/missions/getAllMissionsDashboard - ::1
2025-08-07 13:36:21 [INFO]: Controller: Requête GET /getAllMissionsDashboard
2025-08-07 13:36:21 [INFO]: Service: Récupération de toutes les missions pour le tableau de bord
2025-08-07 13:36:21 [INFO]: 174 missions récupérées
2025-08-07 13:42:24 [INFO]: GET /api/missions/getAllMissionsDashboard - ::1
2025-08-07 13:42:24 [INFO]: Controller: Requête GET /getAllMissionsDashboard
2025-08-07 13:42:24 [INFO]: Service: Récupération de toutes les missions pour le tableau de bord
2025-08-07 13:42:24 [INFO]: 174 missions récupérées
2025-08-07 13:44:59 [INFO]: GET /api/missions/getAllMissionsDashboard - ::1
2025-08-07 13:44:59 [INFO]: Controller: Requête GET /getAllMissionsDashboard
2025-08-07 13:44:59 [INFO]: Service: Récupération de toutes les missions pour le tableau de bord
2025-08-07 13:45:00 [INFO]: 174 missions récupérées
2025-08-07 13:53:14 [INFO]: GET /api/missions/getAllMissionsDashboard - ::1
2025-08-07 13:53:14 [INFO]: Controller: Requête GET /getAllMissionsDashboard
2025-08-07 13:53:14 [INFO]: Service: Récupération de toutes les missions pour le tableau de bord
2025-08-07 13:53:14 [INFO]: 174 missions récupérées
2025-08-07 13:56:40 [INFO]: GET /api/missions/getAllMissionsDashboard - ::1
2025-08-07 13:56:40 [INFO]: Controller: Requête GET /getAllMissionsDashboard
2025-08-07 13:56:40 [INFO]: Service: Récupération de toutes les missions pour le tableau de bord
2025-08-07 13:56:41 [INFO]: 174 missions récupérées
2025-08-07 16:44:09 [INFO]: Pool de connexions SQL Server créé avec succès
2025-08-07 16:44:09 [INFO]: Connexion à la base de données établie
2025-08-07 16:44:09 [INFO]: Serveur démarré sur le port 3000
2025-08-07 16:44:09 [INFO]: Environment: development
2025-08-07 16:44:09 [INFO]: Health check: http://localhost:3000/health
2025-08-07 16:44:37 [INFO]: GET /api/missions/getAllMissionsDashboard - ::1
2025-08-07 16:44:37 [INFO]: Controller: Requête GET /getAllMissionsDashboard
2025-08-07 16:44:37 [INFO]: Service: Récupération de toutes les missions pour le tableau de bord
2025-08-07 16:44:38 [INFO]: 174 missions récupérées
2025-08-07 16:44:41 [INFO]: Pool de connexions SQL Server créé avec succès
2025-08-07 16:44:41 [INFO]: Connexion à la base de données établie
2025-08-07 16:44:41 [INFO]: Serveur démarré sur le port 3000
2025-08-07 16:44:41 [INFO]: Environment: development
2025-08-07 16:44:41 [INFO]: Health check: http://localhost:3000/health
2025-08-07 16:46:46 [INFO]: GET /api/missions/getAllMissionsDashboard - ::1
2025-08-07 16:46:46 [INFO]: Controller: Requête GET /getAllMissionsDashboard
2025-08-07 16:46:46 [INFO]: Service: Récupération de toutes les missions pour le tableau de bord
2025-08-07 16:46:46 [INFO]: 174 missions récupérées
2025-08-07 16:47:43 [INFO]: GET /api/missions/getAllMissionsDashboard - ::1
2025-08-07 16:47:43 [INFO]: Controller: Requête GET /getAllMissionsDashboard
2025-08-07 16:47:43 [INFO]: Service: Récupération de toutes les missions pour le tableau de bord
2025-08-07 16:47:44 [INFO]: 174 missions récupérées
2025-08-07 17:12:42 [INFO]: GET /api/missions/getAllMissionsDashboard - ::1
2025-08-07 17:12:42 [INFO]: Controller: Requête GET /getAllMissionsDashboard
2025-08-07 17:12:42 [INFO]: Service: Récupération de toutes les missions pour le tableau de bord
2025-08-07 17:12:42 [INFO]: 174 missions récupérées
2025-08-07 17:16:03 [INFO]: GET /api/missions/getAllMissionsDashboard - ::1
2025-08-07 17:16:03 [INFO]: Controller: Requête GET /getAllMissionsDashboard
2025-08-07 17:16:03 [INFO]: Service: Récupération de toutes les missions pour le tableau de bord
2025-08-07 17:16:03 [INFO]: 174 missions récupérées
