2025-08-05 13:56:28 [ERROR]: Erreur lors de la connexion à SQL Server: Failed to connect to localhost:1433 - Could not connect (sequence)
ConnectionError: Failed to connect to localhost:1433 - Could not connect (sequence)
    at eval (/home/project/node_modules/mssql/lib/tedious/connection-pool.js:85:17)
    at Connection.onConnect (/home/project/node_modules/tedious/lib/connection.js:849:9)
    at Object.onceWrapper (node:events:30:8276)
    at Connection.emit (node:events:30:11034)
    at Connection.emit (/home/project/node_modules/tedious/lib/connection.js:970:18)
    at Connection.socketError (/home/project/node_modules/tedious/lib/connection.js:1353:12)
    at eval (/home/project/node_modules/tedious/lib/connection.js:1146:14)
    at processTicksAndRejections (node:internal/process/task_queues:196:998)
    at <anonymous> (https://zp1v56uxy8rdx5ypatb0ockcb9tr6a-oci3.w-credentialless-staticblitz.com/blitz.96435430.js:31:295437)
2025-08-05 14:05:29 [ERROR]: Erreur lors de la connexion à SQL Server: s.getAsyncId is not a function
ConnectionError: s.getAsyncId is not a function
    at eval (/home/project/node_modules/mssql/lib/tedious/connection-pool.js:85:17)
    at Connection.onConnect (/home/project/node_modules/tedious/lib/connection.js:849:9)
    at Object.onceWrapper (node:events:30:8276)
    at Connection.emit (node:events:30:11034)
    at Connection.emit (/home/project/node_modules/tedious/lib/connection.js:970:18)
    at eval (/home/project/node_modules/tedious/lib/connection.js:1006:16)
    at processTicksAndRejections (node:internal/process/task_queues:196:998)
    at _0x121e01 (https://zp1v56uxy8rdx5ypatb0ockcb9tr6a-oci3.w-credentialless-staticblitz.com/blitz.96435430.js:31:544999)
2025-08-05 14:11:13 [ERROR]: Erreur lors de la récupération des utilisateurs: Invalid object name 'Users'.
RequestError: Invalid object name 'Users'.
    at handleError (C:\Users\alexandre.poinot\OneDrive - Grant Thornton France\Bureau\api-nodejs\node_modules\mssql\lib\tedious\request.js:384:15)
    at Connection.emit (node:events:518:28)
    at Connection.emit (C:\Users\alexandre.poinot\OneDrive - Grant Thornton France\Bureau\api-nodejs\node_modules\tedious\lib\connection.js:970:18)
    at RequestTokenHandler.onErrorMessage (C:\Users\alexandre.poinot\OneDrive - Grant Thornton France\Bureau\api-nodejs\node_modules\tedious\lib\token\handler.js:284:21)
    at Readable.<anonymous> (C:\Users\alexandre.poinot\OneDrive - Grant Thornton France\Bureau\api-nodejs\node_modules\tedious\lib\token\token-stream-parser.js:19:33)
    at Readable.emit (node:events:518:28)
    at addChunk (node:internal/streams/readable:561:12)
    at readableAddChunkPushObjectMode (node:internal/streams/readable:538:3)
    at Readable.push (node:internal/streams/readable:393:5)
    at nextAsync (node:internal/streams/from:194:22)
2025-08-05 14:11:13 [ERROR]: Service: Erreur lors de la récupération des utilisateurs: Invalid object name 'Users'.
RequestError: Invalid object name 'Users'.
    at handleError (C:\Users\alexandre.poinot\OneDrive - Grant Thornton France\Bureau\api-nodejs\node_modules\mssql\lib\tedious\request.js:384:15)
    at Connection.emit (node:events:518:28)
    at Connection.emit (C:\Users\alexandre.poinot\OneDrive - Grant Thornton France\Bureau\api-nodejs\node_modules\tedious\lib\connection.js:970:18)
    at RequestTokenHandler.onErrorMessage (C:\Users\alexandre.poinot\OneDrive - Grant Thornton France\Bureau\api-nodejs\node_modules\tedious\lib\token\handler.js:284:21)
    at Readable.<anonymous> (C:\Users\alexandre.poinot\OneDrive - Grant Thornton France\Bureau\api-nodejs\node_modules\tedious\lib\token\token-stream-parser.js:19:33)
    at Readable.emit (node:events:518:28)
    at addChunk (node:internal/streams/readable:561:12)
    at readableAddChunkPushObjectMode (node:internal/streams/readable:538:3)
    at Readable.push (node:internal/streams/readable:393:5)
    at nextAsync (node:internal/streams/from:194:22)
2025-08-05 14:11:13 [ERROR]: Erreur: Erreur lors de la récupération des utilisateurs
2025-08-05 14:11:13 [ERROR]: Erreur lors de la vérification de l'email jean.dupont@example.com: Invalid object name 'Users'.
RequestError: Invalid object name 'Users'.
    at handleError (C:\Users\alexandre.poinot\OneDrive - Grant Thornton France\Bureau\api-nodejs\node_modules\mssql\lib\tedious\request.js:384:15)
    at Connection.emit (node:events:518:28)
    at Connection.emit (C:\Users\alexandre.poinot\OneDrive - Grant Thornton France\Bureau\api-nodejs\node_modules\tedious\lib\connection.js:970:18)
    at RequestTokenHandler.onErrorMessage (C:\Users\alexandre.poinot\OneDrive - Grant Thornton France\Bureau\api-nodejs\node_modules\tedious\lib\token\handler.js:284:21)
    at Readable.<anonymous> (C:\Users\alexandre.poinot\OneDrive - Grant Thornton France\Bureau\api-nodejs\node_modules\tedious\lib\token\token-stream-parser.js:19:33)
    at Readable.emit (node:events:518:28)
    at addChunk (node:internal/streams/readable:561:12)
    at readableAddChunkPushObjectMode (node:internal/streams/readable:538:3)
    at Readable.push (node:internal/streams/readable:393:5)
    at nextAsync (node:internal/streams/from:194:22)
2025-08-05 14:11:13 [ERROR]: Service: Erreur lors de la création de l'utilisateur: Invalid object name 'Users'.
RequestError: Invalid object name 'Users'.
    at handleError (C:\Users\alexandre.poinot\OneDrive - Grant Thornton France\Bureau\api-nodejs\node_modules\mssql\lib\tedious\request.js:384:15)
    at Connection.emit (node:events:518:28)
    at Connection.emit (C:\Users\alexandre.poinot\OneDrive - Grant Thornton France\Bureau\api-nodejs\node_modules\tedious\lib\connection.js:970:18)
    at RequestTokenHandler.onErrorMessage (C:\Users\alexandre.poinot\OneDrive - Grant Thornton France\Bureau\api-nodejs\node_modules\tedious\lib\token\handler.js:284:21)
    at Readable.<anonymous> (C:\Users\alexandre.poinot\OneDrive - Grant Thornton France\Bureau\api-nodejs\node_modules\tedious\lib\token\token-stream-parser.js:19:33)
    at Readable.emit (node:events:518:28)
    at addChunk (node:internal/streams/readable:561:12)
    at readableAddChunkPushObjectMode (node:internal/streams/readable:538:3)
    at Readable.push (node:internal/streams/readable:393:5)
    at nextAsync (node:internal/streams/from:194:22)
2025-08-05 14:11:13 [ERROR]: Erreur: Erreur lors de la création de l'utilisateur
2025-08-05 14:11:13 [ERROR]: Erreur lors de la vérification de l'email marie.martin@example.com: Invalid object name 'Users'.
RequestError: Invalid object name 'Users'.
    at handleError (C:\Users\alexandre.poinot\OneDrive - Grant Thornton France\Bureau\api-nodejs\node_modules\mssql\lib\tedious\request.js:384:15)
    at Connection.emit (node:events:518:28)
    at Connection.emit (C:\Users\alexandre.poinot\OneDrive - Grant Thornton France\Bureau\api-nodejs\node_modules\tedious\lib\connection.js:970:18)
    at RequestTokenHandler.onErrorMessage (C:\Users\alexandre.poinot\OneDrive - Grant Thornton France\Bureau\api-nodejs\node_modules\tedious\lib\token\handler.js:284:21)
    at Readable.<anonymous> (C:\Users\alexandre.poinot\OneDrive - Grant Thornton France\Bureau\api-nodejs\node_modules\tedious\lib\token\token-stream-parser.js:19:33)
    at Readable.emit (node:events:518:28)
    at addChunk (node:internal/streams/readable:561:12)
    at readableAddChunkPushObjectMode (node:internal/streams/readable:538:3)
    at Readable.push (node:internal/streams/readable:393:5)
    at nextAsync (node:internal/streams/from:194:22)
2025-08-05 14:11:13 [ERROR]: Service: Erreur lors de la création de l'utilisateur: Invalid object name 'Users'.
RequestError: Invalid object name 'Users'.
    at handleError (C:\Users\alexandre.poinot\OneDrive - Grant Thornton France\Bureau\api-nodejs\node_modules\mssql\lib\tedious\request.js:384:15)
    at Connection.emit (node:events:518:28)
    at Connection.emit (C:\Users\alexandre.poinot\OneDrive - Grant Thornton France\Bureau\api-nodejs\node_modules\tedious\lib\connection.js:970:18)
    at RequestTokenHandler.onErrorMessage (C:\Users\alexandre.poinot\OneDrive - Grant Thornton France\Bureau\api-nodejs\node_modules\tedious\lib\token\handler.js:284:21)
    at Readable.<anonymous> (C:\Users\alexandre.poinot\OneDrive - Grant Thornton France\Bureau\api-nodejs\node_modules\tedious\lib\token\token-stream-parser.js:19:33)
    at Readable.emit (node:events:518:28)
    at addChunk (node:internal/streams/readable:561:12)
    at readableAddChunkPushObjectMode (node:internal/streams/readable:538:3)
    at Readable.push (node:internal/streams/readable:393:5)
    at nextAsync (node:internal/streams/from:194:22)
2025-08-05 14:11:13 [ERROR]: Erreur: Erreur lors de la création de l'utilisateur
2025-08-05 14:11:13 [ERROR]: Erreur lors de la récupération des utilisateurs: Invalid object name 'Users'.
RequestError: Invalid object name 'Users'.
    at handleError (C:\Users\alexandre.poinot\OneDrive - Grant Thornton France\Bureau\api-nodejs\node_modules\mssql\lib\tedious\request.js:384:15)
    at Connection.emit (node:events:518:28)
    at Connection.emit (C:\Users\alexandre.poinot\OneDrive - Grant Thornton France\Bureau\api-nodejs\node_modules\tedious\lib\connection.js:970:18)
    at RequestTokenHandler.onErrorMessage (C:\Users\alexandre.poinot\OneDrive - Grant Thornton France\Bureau\api-nodejs\node_modules\tedious\lib\token\handler.js:284:21)
    at Readable.<anonymous> (C:\Users\alexandre.poinot\OneDrive - Grant Thornton France\Bureau\api-nodejs\node_modules\tedious\lib\token\token-stream-parser.js:19:33)
    at Readable.emit (node:events:518:28)
    at addChunk (node:internal/streams/readable:561:12)
    at readableAddChunkPushObjectMode (node:internal/streams/readable:538:3)
    at Readable.push (node:internal/streams/readable:393:5)
    at nextAsync (node:internal/streams/from:194:22)
2025-08-05 14:11:13 [ERROR]: Service: Erreur lors de la récupération des utilisateurs: Invalid object name 'Users'.
RequestError: Invalid object name 'Users'.
    at handleError (C:\Users\alexandre.poinot\OneDrive - Grant Thornton France\Bureau\api-nodejs\node_modules\mssql\lib\tedious\request.js:384:15)
    at Connection.emit (node:events:518:28)
    at Connection.emit (C:\Users\alexandre.poinot\OneDrive - Grant Thornton France\Bureau\api-nodejs\node_modules\tedious\lib\connection.js:970:18)
    at RequestTokenHandler.onErrorMessage (C:\Users\alexandre.poinot\OneDrive - Grant Thornton France\Bureau\api-nodejs\node_modules\tedious\lib\token\handler.js:284:21)
    at Readable.<anonymous> (C:\Users\alexandre.poinot\OneDrive - Grant Thornton France\Bureau\api-nodejs\node_modules\tedious\lib\token\token-stream-parser.js:19:33)
    at Readable.emit (node:events:518:28)
    at addChunk (node:internal/streams/readable:561:12)
    at readableAddChunkPushObjectMode (node:internal/streams/readable:538:3)
    at Readable.push (node:internal/streams/readable:393:5)
    at nextAsync (node:internal/streams/from:194:22)
2025-08-05 14:11:13 [ERROR]: Erreur: Erreur lors de la récupération des utilisateurs
2025-08-05 14:11:13 [ERROR]: Erreur lors de la récupération de l'utilisateur ID 99999: Invalid object name 'Users'.
RequestError: Invalid object name 'Users'.
    at handleError (C:\Users\alexandre.poinot\OneDrive - Grant Thornton France\Bureau\api-nodejs\node_modules\mssql\lib\tedious\request.js:384:15)
    at Connection.emit (node:events:518:28)
    at Connection.emit (C:\Users\alexandre.poinot\OneDrive - Grant Thornton France\Bureau\api-nodejs\node_modules\tedious\lib\connection.js:970:18)
    at RequestTokenHandler.onErrorMessage (C:\Users\alexandre.poinot\OneDrive - Grant Thornton France\Bureau\api-nodejs\node_modules\tedious\lib\token\handler.js:284:21)
    at Readable.<anonymous> (C:\Users\alexandre.poinot\OneDrive - Grant Thornton France\Bureau\api-nodejs\node_modules\tedious\lib\token\token-stream-parser.js:19:33)
    at Readable.emit (node:events:518:28)
    at addChunk (node:internal/streams/readable:561:12)
    at readableAddChunkPushObjectMode (node:internal/streams/readable:538:3)
    at Readable.push (node:internal/streams/readable:393:5)
    at nextAsync (node:internal/streams/from:194:22)
2025-08-05 14:11:13 [ERROR]: Service: Erreur lors de la récupération de l'utilisateur ID 99999: Invalid object name 'Users'.
RequestError: Invalid object name 'Users'.
    at handleError (C:\Users\alexandre.poinot\OneDrive - Grant Thornton France\Bureau\api-nodejs\node_modules\mssql\lib\tedious\request.js:384:15)
    at Connection.emit (node:events:518:28)
    at Connection.emit (C:\Users\alexandre.poinot\OneDrive - Grant Thornton France\Bureau\api-nodejs\node_modules\tedious\lib\connection.js:970:18)
    at RequestTokenHandler.onErrorMessage (C:\Users\alexandre.poinot\OneDrive - Grant Thornton France\Bureau\api-nodejs\node_modules\tedious\lib\token\handler.js:284:21)
    at Readable.<anonymous> (C:\Users\alexandre.poinot\OneDrive - Grant Thornton France\Bureau\api-nodejs\node_modules\tedious\lib\token\token-stream-parser.js:19:33)
    at Readable.emit (node:events:518:28)
    at addChunk (node:internal/streams/readable:561:12)
    at readableAddChunkPushObjectMode (node:internal/streams/readable:538:3)
    at Readable.push (node:internal/streams/readable:393:5)
    at nextAsync (node:internal/streams/from:194:22)
2025-08-05 14:11:13 [ERROR]: Erreur: Erreur lors de la récupération de l'utilisateur
2025-08-05 14:11:13 [ERROR]: Erreur: Le nom est requis et doit être une chaîne non vide
2025-08-05 14:11:13 [ERROR]: Erreur lors de la vérification de l'email marie.martin@example.com: Invalid object name 'Users'.
RequestError: Invalid object name 'Users'.
    at handleError (C:\Users\alexandre.poinot\OneDrive - Grant Thornton France\Bureau\api-nodejs\node_modules\mssql\lib\tedious\request.js:384:15)
    at Connection.emit (node:events:518:28)
    at Connection.emit (C:\Users\alexandre.poinot\OneDrive - Grant Thornton France\Bureau\api-nodejs\node_modules\tedious\lib\connection.js:970:18)
    at RequestTokenHandler.onErrorMessage (C:\Users\alexandre.poinot\OneDrive - Grant Thornton France\Bureau\api-nodejs\node_modules\tedious\lib\token\handler.js:284:21)
    at Readable.<anonymous> (C:\Users\alexandre.poinot\OneDrive - Grant Thornton France\Bureau\api-nodejs\node_modules\tedious\lib\token\token-stream-parser.js:19:33)
    at Readable.emit (node:events:518:28)
    at addChunk (node:internal/streams/readable:561:12)
    at readableAddChunkPushObjectMode (node:internal/streams/readable:538:3)
    at Readable.push (node:internal/streams/readable:393:5)
    at nextAsync (node:internal/streams/from:194:22)
2025-08-05 14:11:13 [ERROR]: Service: Erreur lors de la création de l'utilisateur: Invalid object name 'Users'.
RequestError: Invalid object name 'Users'.
    at handleError (C:\Users\alexandre.poinot\OneDrive - Grant Thornton France\Bureau\api-nodejs\node_modules\mssql\lib\tedious\request.js:384:15)
    at Connection.emit (node:events:518:28)
    at Connection.emit (C:\Users\alexandre.poinot\OneDrive - Grant Thornton France\Bureau\api-nodejs\node_modules\tedious\lib\connection.js:970:18)
    at RequestTokenHandler.onErrorMessage (C:\Users\alexandre.poinot\OneDrive - Grant Thornton France\Bureau\api-nodejs\node_modules\tedious\lib\token\handler.js:284:21)
    at Readable.<anonymous> (C:\Users\alexandre.poinot\OneDrive - Grant Thornton France\Bureau\api-nodejs\node_modules\tedious\lib\token\token-stream-parser.js:19:33)
    at Readable.emit (node:events:518:28)
    at addChunk (node:internal/streams/readable:561:12)
    at readableAddChunkPushObjectMode (node:internal/streams/readable:538:3)
    at Readable.push (node:internal/streams/readable:393:5)
    at nextAsync (node:internal/streams/from:194:22)
2025-08-05 14:11:13 [ERROR]: Erreur: Erreur lors de la création de l'utilisateur
2025-08-05 14:11:13 [ERROR]: Erreur lors de la récupération des utilisateurs: Invalid object name 'Users'.
RequestError: Invalid object name 'Users'.
    at handleError (C:\Users\alexandre.poinot\OneDrive - Grant Thornton France\Bureau\api-nodejs\node_modules\mssql\lib\tedious\request.js:384:15)
    at Connection.emit (node:events:518:28)
    at Connection.emit (C:\Users\alexandre.poinot\OneDrive - Grant Thornton France\Bureau\api-nodejs\node_modules\tedious\lib\connection.js:970:18)
    at RequestTokenHandler.onErrorMessage (C:\Users\alexandre.poinot\OneDrive - Grant Thornton France\Bureau\api-nodejs\node_modules\tedious\lib\token\handler.js:284:21)
    at Readable.<anonymous> (C:\Users\alexandre.poinot\OneDrive - Grant Thornton France\Bureau\api-nodejs\node_modules\tedious\lib\token\token-stream-parser.js:19:33)
    at Readable.emit (node:events:518:28)
    at addChunk (node:internal/streams/readable:561:12)
    at readableAddChunkPushObjectMode (node:internal/streams/readable:538:3)
    at Readable.push (node:internal/streams/readable:393:5)
    at nextAsync (node:internal/streams/from:194:22)
2025-08-05 14:11:13 [ERROR]: Service: Erreur lors de la récupération des utilisateurs: Invalid object name 'Users'.
RequestError: Invalid object name 'Users'.
    at handleError (C:\Users\alexandre.poinot\OneDrive - Grant Thornton France\Bureau\api-nodejs\node_modules\mssql\lib\tedious\request.js:384:15)
    at Connection.emit (node:events:518:28)
    at Connection.emit (C:\Users\alexandre.poinot\OneDrive - Grant Thornton France\Bureau\api-nodejs\node_modules\tedious\lib\connection.js:970:18)
    at RequestTokenHandler.onErrorMessage (C:\Users\alexandre.poinot\OneDrive - Grant Thornton France\Bureau\api-nodejs\node_modules\tedious\lib\token\handler.js:284:21)
    at Readable.<anonymous> (C:\Users\alexandre.poinot\OneDrive - Grant Thornton France\Bureau\api-nodejs\node_modules\tedious\lib\token\token-stream-parser.js:19:33)
    at Readable.emit (node:events:518:28)
    at addChunk (node:internal/streams/readable:561:12)
    at readableAddChunkPushObjectMode (node:internal/streams/readable:538:3)
    at Readable.push (node:internal/streams/readable:393:5)
    at nextAsync (node:internal/streams/from:194:22)
2025-08-05 14:11:13 [ERROR]: Erreur: Erreur lors de la récupération des utilisateurs
2025-08-05 14:14:52 [ERROR]: Erreur lors de la récupération des utilisateurs: Invalid object name 'Users'.
RequestError: Invalid object name 'Users'.
    at handleError (C:\Users\alexandre.poinot\OneDrive - Grant Thornton France\Bureau\api-nodejs\node_modules\mssql\lib\tedious\request.js:384:15)
    at Connection.emit (node:events:518:28)
    at Connection.emit (C:\Users\alexandre.poinot\OneDrive - Grant Thornton France\Bureau\api-nodejs\node_modules\tedious\lib\connection.js:970:18)
    at RequestTokenHandler.onErrorMessage (C:\Users\alexandre.poinot\OneDrive - Grant Thornton France\Bureau\api-nodejs\node_modules\tedious\lib\token\handler.js:284:21)
    at Readable.<anonymous> (C:\Users\alexandre.poinot\OneDrive - Grant Thornton France\Bureau\api-nodejs\node_modules\tedious\lib\token\token-stream-parser.js:19:33)
    at Readable.emit (node:events:518:28)
    at addChunk (node:internal/streams/readable:561:12)
    at readableAddChunkPushObjectMode (node:internal/streams/readable:538:3)
    at Readable.push (node:internal/streams/readable:393:5)
    at nextAsync (node:internal/streams/from:194:22)
2025-08-05 14:14:52 [ERROR]: Service: Erreur lors de la récupération des utilisateurs: Invalid object name 'Users'.
RequestError: Invalid object name 'Users'.
    at handleError (C:\Users\alexandre.poinot\OneDrive - Grant Thornton France\Bureau\api-nodejs\node_modules\mssql\lib\tedious\request.js:384:15)
    at Connection.emit (node:events:518:28)
    at Connection.emit (C:\Users\alexandre.poinot\OneDrive - Grant Thornton France\Bureau\api-nodejs\node_modules\tedious\lib\connection.js:970:18)
    at RequestTokenHandler.onErrorMessage (C:\Users\alexandre.poinot\OneDrive - Grant Thornton France\Bureau\api-nodejs\node_modules\tedious\lib\token\handler.js:284:21)
    at Readable.<anonymous> (C:\Users\alexandre.poinot\OneDrive - Grant Thornton France\Bureau\api-nodejs\node_modules\tedious\lib\token\token-stream-parser.js:19:33)
    at Readable.emit (node:events:518:28)
    at addChunk (node:internal/streams/readable:561:12)
    at readableAddChunkPushObjectMode (node:internal/streams/readable:538:3)
    at Readable.push (node:internal/streams/readable:393:5)
    at nextAsync (node:internal/streams/from:194:22)
2025-08-05 14:14:52 [ERROR]: Erreur: Erreur lors de la récupération des utilisateurs
2025-08-05 14:14:52 [ERROR]: Erreur lors de la vérification de l'email jean.dupont@example.com: Invalid object name 'Users'.
RequestError: Invalid object name 'Users'.
    at handleError (C:\Users\alexandre.poinot\OneDrive - Grant Thornton France\Bureau\api-nodejs\node_modules\mssql\lib\tedious\request.js:384:15)
    at Connection.emit (node:events:518:28)
    at Connection.emit (C:\Users\alexandre.poinot\OneDrive - Grant Thornton France\Bureau\api-nodejs\node_modules\tedious\lib\connection.js:970:18)
    at RequestTokenHandler.onErrorMessage (C:\Users\alexandre.poinot\OneDrive - Grant Thornton France\Bureau\api-nodejs\node_modules\tedious\lib\token\handler.js:284:21)
    at Readable.<anonymous> (C:\Users\alexandre.poinot\OneDrive - Grant Thornton France\Bureau\api-nodejs\node_modules\tedious\lib\token\token-stream-parser.js:19:33)
    at Readable.emit (node:events:518:28)
    at addChunk (node:internal/streams/readable:561:12)
    at readableAddChunkPushObjectMode (node:internal/streams/readable:538:3)
    at Readable.push (node:internal/streams/readable:393:5)
    at nextAsync (node:internal/streams/from:194:22)
2025-08-05 14:14:52 [ERROR]: Service: Erreur lors de la création de l'utilisateur: Invalid object name 'Users'.
RequestError: Invalid object name 'Users'.
    at handleError (C:\Users\alexandre.poinot\OneDrive - Grant Thornton France\Bureau\api-nodejs\node_modules\mssql\lib\tedious\request.js:384:15)
    at Connection.emit (node:events:518:28)
    at Connection.emit (C:\Users\alexandre.poinot\OneDrive - Grant Thornton France\Bureau\api-nodejs\node_modules\tedious\lib\connection.js:970:18)
    at RequestTokenHandler.onErrorMessage (C:\Users\alexandre.poinot\OneDrive - Grant Thornton France\Bureau\api-nodejs\node_modules\tedious\lib\token\handler.js:284:21)
    at Readable.<anonymous> (C:\Users\alexandre.poinot\OneDrive - Grant Thornton France\Bureau\api-nodejs\node_modules\tedious\lib\token\token-stream-parser.js:19:33)
    at Readable.emit (node:events:518:28)
    at addChunk (node:internal/streams/readable:561:12)
    at readableAddChunkPushObjectMode (node:internal/streams/readable:538:3)
    at Readable.push (node:internal/streams/readable:393:5)
    at nextAsync (node:internal/streams/from:194:22)
2025-08-05 14:14:52 [ERROR]: Erreur: Erreur lors de la création de l'utilisateur
2025-08-05 14:14:52 [ERROR]: Erreur lors de la vérification de l'email marie.martin@example.com: Invalid object name 'Users'.
RequestError: Invalid object name 'Users'.
    at handleError (C:\Users\alexandre.poinot\OneDrive - Grant Thornton France\Bureau\api-nodejs\node_modules\mssql\lib\tedious\request.js:384:15)
    at Connection.emit (node:events:518:28)
    at Connection.emit (C:\Users\alexandre.poinot\OneDrive - Grant Thornton France\Bureau\api-nodejs\node_modules\tedious\lib\connection.js:970:18)
    at RequestTokenHandler.onErrorMessage (C:\Users\alexandre.poinot\OneDrive - Grant Thornton France\Bureau\api-nodejs\node_modules\tedious\lib\token\handler.js:284:21)
    at Readable.<anonymous> (C:\Users\alexandre.poinot\OneDrive - Grant Thornton France\Bureau\api-nodejs\node_modules\tedious\lib\token\token-stream-parser.js:19:33)
    at Readable.emit (node:events:518:28)
    at addChunk (node:internal/streams/readable:561:12)
    at readableAddChunkPushObjectMode (node:internal/streams/readable:538:3)
    at Readable.push (node:internal/streams/readable:393:5)
    at nextAsync (node:internal/streams/from:194:22)
2025-08-05 14:14:52 [ERROR]: Service: Erreur lors de la création de l'utilisateur: Invalid object name 'Users'.
RequestError: Invalid object name 'Users'.
    at handleError (C:\Users\alexandre.poinot\OneDrive - Grant Thornton France\Bureau\api-nodejs\node_modules\mssql\lib\tedious\request.js:384:15)
    at Connection.emit (node:events:518:28)
    at Connection.emit (C:\Users\alexandre.poinot\OneDrive - Grant Thornton France\Bureau\api-nodejs\node_modules\tedious\lib\connection.js:970:18)
    at RequestTokenHandler.onErrorMessage (C:\Users\alexandre.poinot\OneDrive - Grant Thornton France\Bureau\api-nodejs\node_modules\tedious\lib\token\handler.js:284:21)
    at Readable.<anonymous> (C:\Users\alexandre.poinot\OneDrive - Grant Thornton France\Bureau\api-nodejs\node_modules\tedious\lib\token\token-stream-parser.js:19:33)
    at Readable.emit (node:events:518:28)
    at addChunk (node:internal/streams/readable:561:12)
    at readableAddChunkPushObjectMode (node:internal/streams/readable:538:3)
    at Readable.push (node:internal/streams/readable:393:5)
    at nextAsync (node:internal/streams/from:194:22)
2025-08-05 14:14:52 [ERROR]: Erreur: Erreur lors de la création de l'utilisateur
2025-08-05 14:14:52 [ERROR]: Erreur lors de la récupération des utilisateurs: Invalid object name 'Users'.
RequestError: Invalid object name 'Users'.
    at handleError (C:\Users\alexandre.poinot\OneDrive - Grant Thornton France\Bureau\api-nodejs\node_modules\mssql\lib\tedious\request.js:384:15)
    at Connection.emit (node:events:518:28)
    at Connection.emit (C:\Users\alexandre.poinot\OneDrive - Grant Thornton France\Bureau\api-nodejs\node_modules\tedious\lib\connection.js:970:18)
    at RequestTokenHandler.onErrorMessage (C:\Users\alexandre.poinot\OneDrive - Grant Thornton France\Bureau\api-nodejs\node_modules\tedious\lib\token\handler.js:284:21)
    at Readable.<anonymous> (C:\Users\alexandre.poinot\OneDrive - Grant Thornton France\Bureau\api-nodejs\node_modules\tedious\lib\token\token-stream-parser.js:19:33)
    at Readable.emit (node:events:518:28)
    at addChunk (node:internal/streams/readable:561:12)
    at readableAddChunkPushObjectMode (node:internal/streams/readable:538:3)
    at Readable.push (node:internal/streams/readable:393:5)
    at nextAsync (node:internal/streams/from:194:22)
2025-08-05 14:14:52 [ERROR]: Service: Erreur lors de la récupération des utilisateurs: Invalid object name 'Users'.
RequestError: Invalid object name 'Users'.
    at handleError (C:\Users\alexandre.poinot\OneDrive - Grant Thornton France\Bureau\api-nodejs\node_modules\mssql\lib\tedious\request.js:384:15)
    at Connection.emit (node:events:518:28)
    at Connection.emit (C:\Users\alexandre.poinot\OneDrive - Grant Thornton France\Bureau\api-nodejs\node_modules\tedious\lib\connection.js:970:18)
    at RequestTokenHandler.onErrorMessage (C:\Users\alexandre.poinot\OneDrive - Grant Thornton France\Bureau\api-nodejs\node_modules\tedious\lib\token\handler.js:284:21)
    at Readable.<anonymous> (C:\Users\alexandre.poinot\OneDrive - Grant Thornton France\Bureau\api-nodejs\node_modules\tedious\lib\token\token-stream-parser.js:19:33)
    at Readable.emit (node:events:518:28)
    at addChunk (node:internal/streams/readable:561:12)
    at readableAddChunkPushObjectMode (node:internal/streams/readable:538:3)
    at Readable.push (node:internal/streams/readable:393:5)
    at nextAsync (node:internal/streams/from:194:22)
2025-08-05 14:14:52 [ERROR]: Erreur: Erreur lors de la récupération des utilisateurs
2025-08-05 14:14:52 [ERROR]: Erreur lors de la récupération de l'utilisateur ID 99999: Invalid object name 'Users'.
RequestError: Invalid object name 'Users'.
    at handleError (C:\Users\alexandre.poinot\OneDrive - Grant Thornton France\Bureau\api-nodejs\node_modules\mssql\lib\tedious\request.js:384:15)
    at Connection.emit (node:events:518:28)
    at Connection.emit (C:\Users\alexandre.poinot\OneDrive - Grant Thornton France\Bureau\api-nodejs\node_modules\tedious\lib\connection.js:970:18)
    at RequestTokenHandler.onErrorMessage (C:\Users\alexandre.poinot\OneDrive - Grant Thornton France\Bureau\api-nodejs\node_modules\tedious\lib\token\handler.js:284:21)
    at Readable.<anonymous> (C:\Users\alexandre.poinot\OneDrive - Grant Thornton France\Bureau\api-nodejs\node_modules\tedious\lib\token\token-stream-parser.js:19:33)
    at Readable.emit (node:events:518:28)
    at addChunk (node:internal/streams/readable:561:12)
    at readableAddChunkPushObjectMode (node:internal/streams/readable:538:3)
    at Readable.push (node:internal/streams/readable:393:5)
    at nextAsync (node:internal/streams/from:194:22)
2025-08-05 14:14:52 [ERROR]: Service: Erreur lors de la récupération de l'utilisateur ID 99999: Invalid object name 'Users'.
RequestError: Invalid object name 'Users'.
    at handleError (C:\Users\alexandre.poinot\OneDrive - Grant Thornton France\Bureau\api-nodejs\node_modules\mssql\lib\tedious\request.js:384:15)
    at Connection.emit (node:events:518:28)
    at Connection.emit (C:\Users\alexandre.poinot\OneDrive - Grant Thornton France\Bureau\api-nodejs\node_modules\tedious\lib\connection.js:970:18)
    at RequestTokenHandler.onErrorMessage (C:\Users\alexandre.poinot\OneDrive - Grant Thornton France\Bureau\api-nodejs\node_modules\tedious\lib\token\handler.js:284:21)
    at Readable.<anonymous> (C:\Users\alexandre.poinot\OneDrive - Grant Thornton France\Bureau\api-nodejs\node_modules\tedious\lib\token\token-stream-parser.js:19:33)
    at Readable.emit (node:events:518:28)
    at addChunk (node:internal/streams/readable:561:12)
    at readableAddChunkPushObjectMode (node:internal/streams/readable:538:3)
    at Readable.push (node:internal/streams/readable:393:5)
    at nextAsync (node:internal/streams/from:194:22)
2025-08-05 14:14:52 [ERROR]: Erreur: Erreur lors de la récupération de l'utilisateur
2025-08-05 14:14:52 [ERROR]: Erreur: Le nom est requis et doit être une chaîne non vide
2025-08-05 14:14:52 [ERROR]: Erreur lors de la vérification de l'email marie.martin@example.com: Invalid object name 'Users'.
RequestError: Invalid object name 'Users'.
    at handleError (C:\Users\alexandre.poinot\OneDrive - Grant Thornton France\Bureau\api-nodejs\node_modules\mssql\lib\tedious\request.js:384:15)
    at Connection.emit (node:events:518:28)
    at Connection.emit (C:\Users\alexandre.poinot\OneDrive - Grant Thornton France\Bureau\api-nodejs\node_modules\tedious\lib\connection.js:970:18)
    at RequestTokenHandler.onErrorMessage (C:\Users\alexandre.poinot\OneDrive - Grant Thornton France\Bureau\api-nodejs\node_modules\tedious\lib\token\handler.js:284:21)
    at Readable.<anonymous> (C:\Users\alexandre.poinot\OneDrive - Grant Thornton France\Bureau\api-nodejs\node_modules\tedious\lib\token\token-stream-parser.js:19:33)
    at Readable.emit (node:events:518:28)
    at addChunk (node:internal/streams/readable:561:12)
    at readableAddChunkPushObjectMode (node:internal/streams/readable:538:3)
    at Readable.push (node:internal/streams/readable:393:5)
    at nextAsync (node:internal/streams/from:194:22)
2025-08-05 14:14:52 [ERROR]: Service: Erreur lors de la création de l'utilisateur: Invalid object name 'Users'.
RequestError: Invalid object name 'Users'.
    at handleError (C:\Users\alexandre.poinot\OneDrive - Grant Thornton France\Bureau\api-nodejs\node_modules\mssql\lib\tedious\request.js:384:15)
    at Connection.emit (node:events:518:28)
    at Connection.emit (C:\Users\alexandre.poinot\OneDrive - Grant Thornton France\Bureau\api-nodejs\node_modules\tedious\lib\connection.js:970:18)
    at RequestTokenHandler.onErrorMessage (C:\Users\alexandre.poinot\OneDrive - Grant Thornton France\Bureau\api-nodejs\node_modules\tedious\lib\token\handler.js:284:21)
    at Readable.<anonymous> (C:\Users\alexandre.poinot\OneDrive - Grant Thornton France\Bureau\api-nodejs\node_modules\tedious\lib\token\token-stream-parser.js:19:33)
    at Readable.emit (node:events:518:28)
    at addChunk (node:internal/streams/readable:561:12)
    at readableAddChunkPushObjectMode (node:internal/streams/readable:538:3)
    at Readable.push (node:internal/streams/readable:393:5)
    at nextAsync (node:internal/streams/from:194:22)
2025-08-05 14:14:52 [ERROR]: Erreur: Erreur lors de la création de l'utilisateur
2025-08-05 14:14:52 [ERROR]: Erreur lors de la récupération des utilisateurs: Invalid object name 'Users'.
RequestError: Invalid object name 'Users'.
    at handleError (C:\Users\alexandre.poinot\OneDrive - Grant Thornton France\Bureau\api-nodejs\node_modules\mssql\lib\tedious\request.js:384:15)
    at Connection.emit (node:events:518:28)
    at Connection.emit (C:\Users\alexandre.poinot\OneDrive - Grant Thornton France\Bureau\api-nodejs\node_modules\tedious\lib\connection.js:970:18)
    at RequestTokenHandler.onErrorMessage (C:\Users\alexandre.poinot\OneDrive - Grant Thornton France\Bureau\api-nodejs\node_modules\tedious\lib\token\handler.js:284:21)
    at Readable.<anonymous> (C:\Users\alexandre.poinot\OneDrive - Grant Thornton France\Bureau\api-nodejs\node_modules\tedious\lib\token\token-stream-parser.js:19:33)
    at Readable.emit (node:events:518:28)
    at addChunk (node:internal/streams/readable:561:12)
    at readableAddChunkPushObjectMode (node:internal/streams/readable:538:3)
    at Readable.push (node:internal/streams/readable:393:5)
    at nextAsync (node:internal/streams/from:194:22)
2025-08-05 14:14:52 [ERROR]: Service: Erreur lors de la récupération des utilisateurs: Invalid object name 'Users'.
RequestError: Invalid object name 'Users'.
    at handleError (C:\Users\alexandre.poinot\OneDrive - Grant Thornton France\Bureau\api-nodejs\node_modules\mssql\lib\tedious\request.js:384:15)
    at Connection.emit (node:events:518:28)
    at Connection.emit (C:\Users\alexandre.poinot\OneDrive - Grant Thornton France\Bureau\api-nodejs\node_modules\tedious\lib\connection.js:970:18)
    at RequestTokenHandler.onErrorMessage (C:\Users\alexandre.poinot\OneDrive - Grant Thornton France\Bureau\api-nodejs\node_modules\tedious\lib\token\handler.js:284:21)
    at Readable.<anonymous> (C:\Users\alexandre.poinot\OneDrive - Grant Thornton France\Bureau\api-nodejs\node_modules\tedious\lib\token\token-stream-parser.js:19:33)
    at Readable.emit (node:events:518:28)
    at addChunk (node:internal/streams/readable:561:12)
    at readableAddChunkPushObjectMode (node:internal/streams/readable:538:3)
    at Readable.push (node:internal/streams/readable:393:5)
    at nextAsync (node:internal/streams/from:194:22)
2025-08-05 14:14:52 [ERROR]: Erreur: Erreur lors de la récupération des utilisateurs
