2025-08-06 10:24:20 [ERROR]: Erreur lors de la récupération des missions: Incorrect syntax near the keyword 'AS'.
RequestError: Incorrect syntax near the keyword 'AS'.
    at handleError (C:\Users\alexandre.poinot\OneDrive - Grant Thornton France\Bureau\api-nodejs\node_modules\mssql\lib\tedious\request.js:384:15)
    at Connection.emit (node:events:518:28)
    at Connection.emit (C:\Users\alexandre.poinot\OneDrive - Grant Thornton France\Bureau\api-nodejs\node_modules\tedious\lib\connection.js:970:18)
    at RequestTokenHandler.onErrorMessage (C:\Users\alexandre.poinot\OneDrive - Grant Thornton France\Bureau\api-nodejs\node_modules\tedious\lib\token\handler.js:284:21)
    at Readable.<anonymous> (C:\Users\alexandre.poinot\OneDrive - Grant Thornton France\Bureau\api-nodejs\node_modules\tedious\lib\token\token-stream-parser.js:19:33)
    at Readable.emit (node:events:518:28)
    at addChunk (node:internal/streams/readable:561:12)
    at readableAddChunkPushObjectMode (node:internal/streams/readable:538:3)
    at Readable.push (node:internal/streams/readable:393:5)
    at nextAsync (node:internal/streams/from:194:22)
2025-08-06 10:24:20 [ERROR]: Service: Erreur lors de la récupération des missions pour le tableau de bord: Incorrect syntax near the keyword 'AS'.
RequestError: Incorrect syntax near the keyword 'AS'.
    at handleError (C:\Users\alexandre.poinot\OneDrive - Grant Thornton France\Bureau\api-nodejs\node_modules\mssql\lib\tedious\request.js:384:15)
    at Connection.emit (node:events:518:28)
    at Connection.emit (C:\Users\alexandre.poinot\OneDrive - Grant Thornton France\Bureau\api-nodejs\node_modules\tedious\lib\connection.js:970:18)
    at RequestTokenHandler.onErrorMessage (C:\Users\alexandre.poinot\OneDrive - Grant Thornton France\Bureau\api-nodejs\node_modules\tedious\lib\token\handler.js:284:21)
    at Readable.<anonymous> (C:\Users\alexandre.poinot\OneDrive - Grant Thornton France\Bureau\api-nodejs\node_modules\tedious\lib\token\token-stream-parser.js:19:33)
    at Readable.emit (node:events:518:28)
    at addChunk (node:internal/streams/readable:561:12)
    at readableAddChunkPushObjectMode (node:internal/streams/readable:538:3)
    at Readable.push (node:internal/streams/readable:393:5)
    at nextAsync (node:internal/streams/from:194:22)
2025-08-06 10:24:20 [ERROR]: Erreur: Erreur lors de la récupération des missions pour le tableau de bord
2025-08-06 10:26:57 [ERROR]: Erreur lors de la récupération des missions: Incorrect syntax near the keyword 'AS'.
RequestError: Incorrect syntax near the keyword 'AS'.
    at handleError (C:\Users\alexandre.poinot\OneDrive - Grant Thornton France\Bureau\api-nodejs\node_modules\mssql\lib\tedious\request.js:384:15)
    at Connection.emit (node:events:518:28)
    at Connection.emit (C:\Users\alexandre.poinot\OneDrive - Grant Thornton France\Bureau\api-nodejs\node_modules\tedious\lib\connection.js:970:18)
    at RequestTokenHandler.onErrorMessage (C:\Users\alexandre.poinot\OneDrive - Grant Thornton France\Bureau\api-nodejs\node_modules\tedious\lib\token\handler.js:284:21)
    at Readable.<anonymous> (C:\Users\alexandre.poinot\OneDrive - Grant Thornton France\Bureau\api-nodejs\node_modules\tedious\lib\token\token-stream-parser.js:19:33)
    at Readable.emit (node:events:518:28)
    at addChunk (node:internal/streams/readable:561:12)
    at readableAddChunkPushObjectMode (node:internal/streams/readable:538:3)
    at Readable.push (node:internal/streams/readable:393:5)
    at nextAsync (node:internal/streams/from:194:22)
2025-08-06 10:26:57 [ERROR]: Service: Erreur lors de la récupération des missions pour le tableau de bord: Incorrect syntax near the keyword 'AS'.
RequestError: Incorrect syntax near the keyword 'AS'.
    at handleError (C:\Users\alexandre.poinot\OneDrive - Grant Thornton France\Bureau\api-nodejs\node_modules\mssql\lib\tedious\request.js:384:15)
    at Connection.emit (node:events:518:28)
    at Connection.emit (C:\Users\alexandre.poinot\OneDrive - Grant Thornton France\Bureau\api-nodejs\node_modules\tedious\lib\connection.js:970:18)
    at RequestTokenHandler.onErrorMessage (C:\Users\alexandre.poinot\OneDrive - Grant Thornton France\Bureau\api-nodejs\node_modules\tedious\lib\token\handler.js:284:21)
    at Readable.<anonymous> (C:\Users\alexandre.poinot\OneDrive - Grant Thornton France\Bureau\api-nodejs\node_modules\tedious\lib\token\token-stream-parser.js:19:33)
    at Readable.emit (node:events:518:28)
    at addChunk (node:internal/streams/readable:561:12)
    at readableAddChunkPushObjectMode (node:internal/streams/readable:538:3)
    at Readable.push (node:internal/streams/readable:393:5)
    at nextAsync (node:internal/streams/from:194:22)
2025-08-06 10:26:57 [ERROR]: Erreur: Erreur lors de la récupération des missions pour le tableau de bord
