2025-08-08 13:44:48 [ERROR]: Erreur lors de la récupération des missions pour le tableau de bord: Cannot read properties of undefined (reading 'forEach')
TypeError: Cannot read properties of undefined (reading 'forEach')
    at MissionDao.getAllMissionsDashboard (file:///C:/Users/alexandre.poinot/OneDrive%20-%20Grant%20Thornton%20France/Bureau/api-nodejs/src/dao/missionDao.js:41:24)
    at process.processTicksAndRejections (node:internal/process/task_queues:105:5)
    at async MissionService.getAllMissionsDashboard (file:///C:/Users/alexandre.poinot/OneDrive%20-%20Grant%20Thornton%20France/Bureau/api-nodejs/src/services/missionService.js:12:24)
    at async file:///C:/Users/alexandre.poinot/OneDrive%20-%20Grant%20Thornton%20France/Bureau/api-nodejs/src/controllers/missionController.js:13:20
2025-08-08 13:44:48 [ERROR]: Service: Erreur lors de la récupération des missions pour le tableau de bord: Erreur lors de la récupération des missions pour le tableau de bord
Error: Erreur lors de la récupération des missions pour le tableau de bord
    at MissionDao.getAllMissionsDashboard (file:///C:/Users/alexandre.poinot/OneDrive%20-%20Grant%20Thornton%20France/Bureau/api-nodejs/src/dao/missionDao.js:63:13)
    at process.processTicksAndRejections (node:internal/process/task_queues:105:5)
    at async MissionService.getAllMissionsDashboard (file:///C:/Users/alexandre.poinot/OneDrive%20-%20Grant%20Thornton%20France/Bureau/api-nodejs/src/services/missionService.js:12:24)
    at async file:///C:/Users/alexandre.poinot/OneDrive%20-%20Grant%20Thornton%20France/Bureau/api-nodejs/src/controllers/missionController.js:13:20
2025-08-08 13:44:48 [ERROR]: Erreur: Erreur lors de la récupération des missions pour le tableau de bord
2025-08-08 13:44:52 [ERROR]: Erreur lors de la récupération des missions pour le tableau de bord: Cannot read properties of undefined (reading 'forEach')
TypeError: Cannot read properties of undefined (reading 'forEach')
    at MissionDao.getAllMissionsDashboard (file:///C:/Users/alexandre.poinot/OneDrive%20-%20Grant%20Thornton%20France/Bureau/api-nodejs/src/dao/missionDao.js:41:24)
    at process.processTicksAndRejections (node:internal/process/task_queues:105:5)
    at async MissionService.getAllMissionsDashboard (file:///C:/Users/alexandre.poinot/OneDrive%20-%20Grant%20Thornton%20France/Bureau/api-nodejs/src/services/missionService.js:12:24)
    at async file:///C:/Users/alexandre.poinot/OneDrive%20-%20Grant%20Thornton%20France/Bureau/api-nodejs/src/controllers/missionController.js:13:20
2025-08-08 13:44:52 [ERROR]: Service: Erreur lors de la récupération des missions pour le tableau de bord: Erreur lors de la récupération des missions pour le tableau de bord
Error: Erreur lors de la récupération des missions pour le tableau de bord
    at MissionDao.getAllMissionsDashboard (file:///C:/Users/alexandre.poinot/OneDrive%20-%20Grant%20Thornton%20France/Bureau/api-nodejs/src/dao/missionDao.js:63:13)
    at process.processTicksAndRejections (node:internal/process/task_queues:105:5)
    at async MissionService.getAllMissionsDashboard (file:///C:/Users/alexandre.poinot/OneDrive%20-%20Grant%20Thornton%20France/Bureau/api-nodejs/src/services/missionService.js:12:24)
    at async file:///C:/Users/alexandre.poinot/OneDrive%20-%20Grant%20Thornton%20France/Bureau/api-nodejs/src/controllers/missionController.js:13:20
2025-08-08 13:44:52 [ERROR]: Erreur: Erreur lors de la récupération des missions pour le tableau de bord
2025-08-08 13:44:54 [ERROR]: Erreur lors de la récupération des missions pour le tableau de bord: Cannot read properties of undefined (reading 'forEach')
TypeError: Cannot read properties of undefined (reading 'forEach')
    at MissionDao.getAllMissionsDashboard (file:///C:/Users/alexandre.poinot/OneDrive%20-%20Grant%20Thornton%20France/Bureau/api-nodejs/src/dao/missionDao.js:41:24)
    at process.processTicksAndRejections (node:internal/process/task_queues:105:5)
    at async MissionService.getAllMissionsDashboard (file:///C:/Users/alexandre.poinot/OneDrive%20-%20Grant%20Thornton%20France/Bureau/api-nodejs/src/services/missionService.js:12:24)
    at async file:///C:/Users/alexandre.poinot/OneDrive%20-%20Grant%20Thornton%20France/Bureau/api-nodejs/src/controllers/missionController.js:13:20
2025-08-08 13:44:54 [ERROR]: Service: Erreur lors de la récupération des missions pour le tableau de bord: Erreur lors de la récupération des missions pour le tableau de bord
Error: Erreur lors de la récupération des missions pour le tableau de bord
    at MissionDao.getAllMissionsDashboard (file:///C:/Users/alexandre.poinot/OneDrive%20-%20Grant%20Thornton%20France/Bureau/api-nodejs/src/dao/missionDao.js:63:13)
    at process.processTicksAndRejections (node:internal/process/task_queues:105:5)
    at async MissionService.getAllMissionsDashboard (file:///C:/Users/alexandre.poinot/OneDrive%20-%20Grant%20Thornton%20France/Bureau/api-nodejs/src/services/missionService.js:12:24)
    at async file:///C:/Users/alexandre.poinot/OneDrive%20-%20Grant%20Thornton%20France/Bureau/api-nodejs/src/controllers/missionController.js:13:20
2025-08-08 13:44:54 [ERROR]: Erreur: Erreur lors de la récupération des missions pour le tableau de bord
2025-08-08 13:46:34 [ERROR]: Erreur lors de la récupération des missions pour le tableau de bord: Cannot read properties of undefined (reading 'forEach')
TypeError: Cannot read properties of undefined (reading 'forEach')
    at MissionDao.getAllMissionsDashboard (file:///C:/Users/alexandre.poinot/OneDrive%20-%20Grant%20Thornton%20France/Bureau/api-nodejs/src/dao/missionDao.js:41:24)
    at process.processTicksAndRejections (node:internal/process/task_queues:105:5)
    at async MissionService.getAllMissionsDashboard (file:///C:/Users/alexandre.poinot/OneDrive%20-%20Grant%20Thornton%20France/Bureau/api-nodejs/src/services/missionService.js:12:24)
    at async file:///C:/Users/alexandre.poinot/OneDrive%20-%20Grant%20Thornton%20France/Bureau/api-nodejs/src/controllers/missionController.js:13:20
2025-08-08 13:46:34 [ERROR]: Service: Erreur lors de la récupération des missions pour le tableau de bord: Erreur lors de la récupération des missions pour le tableau de bord
Error: Erreur lors de la récupération des missions pour le tableau de bord
    at MissionDao.getAllMissionsDashboard (file:///C:/Users/alexandre.poinot/OneDrive%20-%20Grant%20Thornton%20France/Bureau/api-nodejs/src/dao/missionDao.js:63:13)
    at process.processTicksAndRejections (node:internal/process/task_queues:105:5)
    at async MissionService.getAllMissionsDashboard (file:///C:/Users/alexandre.poinot/OneDrive%20-%20Grant%20Thornton%20France/Bureau/api-nodejs/src/services/missionService.js:12:24)
    at async file:///C:/Users/alexandre.poinot/OneDrive%20-%20Grant%20Thornton%20France/Bureau/api-nodejs/src/controllers/missionController.js:13:20
2025-08-08 13:46:34 [ERROR]: Erreur: Erreur lors de la récupération des missions pour le tableau de bord
